<?xml version="1.0" encoding="UTF-8"?>
<robot generator="Robot 5.0.1 (Python 3.7.10 on linux)" generated="20220724 06:02:44.071" rpa="false" schemaversion="3">
<suite id="s1" name="testPutAndGetTests" source="/home/ec2-user/cscc01/a1/testPutAndGetTests.robot">
<test id="s1-t1" name="TestAddActor200" line="7">
<kw name="Create Session" library="RequestsLibrary">
<arg>localhost</arg>
<arg>http://localhost:8080</arg>
<doc>Create Session: create a HTTP session to a server</doc>
<msg timestamp="20220724 06:02:44.299" level="INFO">Creating Session using : alias=localhost, url=http://localhost:8080, headers={},                     cookies={}, auth=None, timeout=None, proxies=None, verify=False,                     debug=0 </msg>
<status status="PASS" starttime="20220724 06:02:44.299" endtime="20220724 06:02:44.300"/>
</kw>
<kw name="Create Dictionary" library="BuiltIn">
<var>${headers}</var>
<arg>Content-Type=application/json</arg>
<doc>Creates and returns a dictionary based on the given ``items``.</doc>
<msg timestamp="20220724 06:02:44.301" level="INFO">${headers} = {'Content-Type': 'application/json'}</msg>
<status status="PASS" starttime="20220724 06:02:44.300" endtime="20220724 06:02:44.301"/>
</kw>
<kw name="Create Dictionary" library="BuiltIn">
<var>${params}</var>
<arg>name=Swetha Maramganty</arg>
<arg>actorId=nm1</arg>
<doc>Creates and returns a dictionary based on the given ``items``.</doc>
<msg timestamp="20220724 06:02:44.301" level="INFO">${params} = {'name': 'Swetha Maramganty', 'actorId': 'nm1'}</msg>
<status status="PASS" starttime="20220724 06:02:44.301" endtime="20220724 06:02:44.301"/>
</kw>
<kw name="PUT On Session" library="RequestsLibrary">
<var>${resp}</var>
<arg>localhost</arg>
<arg>/api/v1/addActor</arg>
<arg>json=${params}</arg>
<arg>headers=${headers}</arg>
<doc>Sends a PUT request on a previously created HTTP Session.</doc>
<msg timestamp="20220724 06:02:44.307" level="WARN">Retrying (RetryAdapter(total=2, connect=None, read=None, redirect=None, status=None)) after connection broken by 'ProtocolError('Connection aborted.', ConnectionResetError(104, 'Connection reset by peer'))': /api/v1/addActor</msg>
<msg timestamp="20220724 06:02:44.508" level="WARN">Retrying (RetryAdapter(total=1, connect=None, read=None, redirect=None, status=None)) after connection broken by 'ProtocolError('Connection aborted.', RemoteDisconnected('Remote end closed connection without response'))': /api/v1/addActor</msg>
<msg timestamp="20220724 06:02:44.910" level="WARN">Retrying (RetryAdapter(total=0, connect=None, read=None, redirect=None, status=None)) after connection broken by 'ProtocolError('Connection aborted.', RemoteDisconnected('Remote end closed connection without response'))': /api/v1/addActor</msg>
<msg timestamp="20220724 06:02:44.913" level="FAIL">ConnectionError: HTTPConnectionPool(host='localhost', port=8080): Max retries exceeded with url: /api/v1/addActor (Caused by ProtocolError('Connection aborted.', ConnectionResetError(104, 'Connection reset by peer')))</msg>
<status status="FAIL" starttime="20220724 06:02:44.302" endtime="20220724 06:02:44.926"/>
</kw>
<kw name="Should Be Equal As Strings" library="BuiltIn">
<arg>${resp.status_code}</arg>
<arg>200</arg>
<doc>Fails if objects are unequal after converting them to strings.</doc>
<status status="NOT RUN" starttime="20220724 06:02:44.927" endtime="20220724 06:02:44.927"/>
</kw>
<timeout value="30 seconds"/>
<status status="FAIL" starttime="20220724 06:02:44.298" endtime="20220724 06:02:44.927">ConnectionError: HTTPConnectionPool(host='localhost', port=8080): Max retries exceeded with url: /api/v1/addActor (Caused by ProtocolError('Connection aborted.', ConnectionResetError(104, 'Connection reset by peer')))</status>
</test>
<test id="s1-t2" name="Test2AddActorIgnoreExtraParam200" line="14">
<kw name="Create Session" library="RequestsLibrary">
<arg>localhost</arg>
<arg>http://localhost:8080</arg>
<doc>Create Session: create a HTTP session to a server</doc>
<msg timestamp="20220724 06:02:44.929" level="INFO">Creating Session using : alias=localhost, url=http://localhost:8080, headers={},                     cookies={}, auth=None, timeout=None, proxies=None, verify=False,                     debug=0 </msg>
<status status="PASS" starttime="20220724 06:02:44.929" endtime="20220724 06:02:44.931"/>
</kw>
<kw name="Create Dictionary" library="BuiltIn">
<var>${headers}</var>
<arg>Content-Type=application/json</arg>
<doc>Creates and returns a dictionary based on the given ``items``.</doc>
<msg timestamp="20220724 06:02:44.931" level="INFO">${headers} = {'Content-Type': 'application/json'}</msg>
<status status="PASS" starttime="20220724 06:02:44.931" endtime="20220724 06:02:44.931"/>
</kw>
<kw name="Create Dictionary" library="BuiltIn">
<var>${params}</var>
<arg>name=Arnold Rosenbloom</arg>
<arg>actorId=nm2</arg>
<arg>extra=param</arg>
<doc>Creates and returns a dictionary based on the given ``items``.</doc>
<msg timestamp="20220724 06:02:44.932" level="INFO">${params} = {'name': 'Arnold Rosenbloom', 'actorId': 'nm2', 'extra': 'param'}</msg>
<status status="PASS" starttime="20220724 06:02:44.932" endtime="20220724 06:02:44.932"/>
</kw>
<kw name="PUT On Session" library="RequestsLibrary">
<var>${resp}</var>
<arg>localhost</arg>
<arg>/api/v1/addActor</arg>
<arg>json=${params}</arg>
<arg>headers=${headers}</arg>
<doc>Sends a PUT request on a previously created HTTP Session.</doc>
<msg timestamp="20220724 06:02:44.935" level="WARN">Retrying (RetryAdapter(total=2, connect=None, read=None, redirect=None, status=None)) after connection broken by 'ProtocolError('Connection aborted.', RemoteDisconnected('Remote end closed connection without response'))': /api/v1/addActor</msg>
<msg timestamp="20220724 06:02:45.136" level="WARN">Retrying (RetryAdapter(total=1, connect=None, read=None, redirect=None, status=None)) after connection broken by 'ProtocolError('Connection aborted.', RemoteDisconnected('Remote end closed connection without response'))': /api/v1/addActor</msg>
<msg timestamp="20220724 06:02:45.538" level="WARN">Retrying (RetryAdapter(total=0, connect=None, read=None, redirect=None, status=None)) after connection broken by 'ProtocolError('Connection aborted.', RemoteDisconnected('Remote end closed connection without response'))': /api/v1/addActor</msg>
<msg timestamp="20220724 06:02:45.541" level="FAIL">ConnectionError: HTTPConnectionPool(host='localhost', port=8080): Max retries exceeded with url: /api/v1/addActor (Caused by ProtocolError('Connection aborted.', RemoteDisconnected('Remote end closed connection without response')))</msg>
<status status="FAIL" starttime="20220724 06:02:44.932" endtime="20220724 06:02:45.541"/>
</kw>
<kw name="Should Be Equal As Strings" library="BuiltIn">
<arg>${resp.status_code}</arg>
<arg>200</arg>
<doc>Fails if objects are unequal after converting them to strings.</doc>
<status status="NOT RUN" starttime="20220724 06:02:45.542" endtime="20220724 06:02:45.542"/>
</kw>
<timeout value="30 seconds"/>
<status status="FAIL" starttime="20220724 06:02:44.928" endtime="20220724 06:02:45.542">ConnectionError: HTTPConnectionPool(host='localhost', port=8080): Max retries exceeded with url: /api/v1/addActor (Caused by ProtocolError('Connection aborted.', RemoteDisconnected('Remote end closed connection without response')))</status>
</test>
<test id="s1-t3" name="TestAddKevinBacon200" line="21">
<kw name="Create Session" library="RequestsLibrary">
<arg>localhost</arg>
<arg>http://localhost:8080</arg>
<doc>Create Session: create a HTTP session to a server</doc>
<msg timestamp="20220724 06:02:45.544" level="INFO">Creating Session using : alias=localhost, url=http://localhost:8080, headers={},                     cookies={}, auth=None, timeout=None, proxies=None, verify=False,                     debug=0 </msg>
<status status="PASS" starttime="20220724 06:02:45.543" endtime="20220724 06:02:45.544"/>
</kw>
<kw name="Create Dictionary" library="BuiltIn">
<var>${headers}</var>
<arg>Content-Type=application/json</arg>
<doc>Creates and returns a dictionary based on the given ``items``.</doc>
<msg timestamp="20220724 06:02:45.545" level="INFO">${headers} = {'Content-Type': 'application/json'}</msg>
<status status="PASS" starttime="20220724 06:02:45.544" endtime="20220724 06:02:45.545"/>
</kw>
<kw name="Create Dictionary" library="BuiltIn">
<var>${params}</var>
<arg>name=Kevin Bacon</arg>
<arg>actorId=nm0000102</arg>
<doc>Creates and returns a dictionary based on the given ``items``.</doc>
<msg timestamp="20220724 06:02:45.546" level="INFO">${params} = {'name': 'Kevin Bacon', 'actorId': 'nm0000102'}</msg>
<status status="PASS" starttime="20220724 06:02:45.545" endtime="20220724 06:02:45.546"/>
</kw>
<kw name="PUT On Session" library="RequestsLibrary">
<var>${resp}</var>
<arg>localhost</arg>
<arg>/api/v1/addActor</arg>
<arg>json=${params}</arg>
<arg>headers=${headers}</arg>
<doc>Sends a PUT request on a previously created HTTP Session.</doc>
<msg timestamp="20220724 06:02:45.549" level="WARN">Retrying (RetryAdapter(total=2, connect=None, read=None, redirect=None, status=None)) after connection broken by 'ProtocolError('Connection aborted.', RemoteDisconnected('Remote end closed connection without response'))': /api/v1/addActor</msg>
<msg timestamp="20220724 06:02:45.750" level="WARN">Retrying (RetryAdapter(total=1, connect=None, read=None, redirect=None, status=None)) after connection broken by 'ProtocolError('Connection aborted.', RemoteDisconnected('Remote end closed connection without response'))': /api/v1/addActor</msg>
<msg timestamp="20220724 06:02:46.152" level="WARN">Retrying (RetryAdapter(total=0, connect=None, read=None, redirect=None, status=None)) after connection broken by 'ProtocolError('Connection aborted.', ConnectionResetError(104, 'Connection reset by peer'))': /api/v1/addActor</msg>
<msg timestamp="20220724 06:02:46.155" level="FAIL">ConnectionError: HTTPConnectionPool(host='localhost', port=8080): Max retries exceeded with url: /api/v1/addActor (Caused by ProtocolError('Connection aborted.', ConnectionResetError(104, 'Connection reset by peer')))</msg>
<status status="FAIL" starttime="20220724 06:02:45.546" endtime="20220724 06:02:46.155"/>
</kw>
<kw name="Should Be Equal As Strings" library="BuiltIn">
<arg>${resp.status_code}</arg>
<arg>200</arg>
<doc>Fails if objects are unequal after converting them to strings.</doc>
<status status="NOT RUN" starttime="20220724 06:02:46.156" endtime="20220724 06:02:46.156"/>
</kw>
<timeout value="30 seconds"/>
<status status="FAIL" starttime="20220724 06:02:45.543" endtime="20220724 06:02:46.156">ConnectionError: HTTPConnectionPool(host='localhost', port=8080): Max retries exceeded with url: /api/v1/addActor (Caused by ProtocolError('Connection aborted.', ConnectionResetError(104, 'Connection reset by peer')))</status>
</test>
<test id="s1-t4" name="Test3AddActor200" line="28">
<kw name="Create Session" library="RequestsLibrary">
<arg>localhost</arg>
<arg>http://localhost:8080</arg>
<doc>Create Session: create a HTTP session to a server</doc>
<msg timestamp="20220724 06:02:46.158" level="INFO">Creating Session using : alias=localhost, url=http://localhost:8080, headers={},                     cookies={}, auth=None, timeout=None, proxies=None, verify=False,                     debug=0 </msg>
<status status="PASS" starttime="20220724 06:02:46.158" endtime="20220724 06:02:46.158"/>
</kw>
<kw name="Create Dictionary" library="BuiltIn">
<var>${headers}</var>
<arg>Content-Type=application/json</arg>
<doc>Creates and returns a dictionary based on the given ``items``.</doc>
<msg timestamp="20220724 06:02:46.159" level="INFO">${headers} = {'Content-Type': 'application/json'}</msg>
<status status="PASS" starttime="20220724 06:02:46.159" endtime="20220724 06:02:46.159"/>
</kw>
<kw name="Create Dictionary" library="BuiltIn">
<var>${params}</var>
<arg>name=Ilir Dema</arg>
<arg>actorId=nm3</arg>
<doc>Creates and returns a dictionary based on the given ``items``.</doc>
<msg timestamp="20220724 06:02:46.160" level="INFO">${params} = {'name': 'Ilir Dema', 'actorId': 'nm3'}</msg>
<status status="PASS" starttime="20220724 06:02:46.159" endtime="20220724 06:02:46.160"/>
</kw>
<kw name="PUT On Session" library="RequestsLibrary">
<var>${resp}</var>
<arg>localhost</arg>
<arg>/api/v1/addActor</arg>
<arg>json=${params}</arg>
<arg>headers=${headers}</arg>
<doc>Sends a PUT request on a previously created HTTP Session.</doc>
<msg timestamp="20220724 06:02:46.163" level="WARN">Retrying (RetryAdapter(total=2, connect=None, read=None, redirect=None, status=None)) after connection broken by 'ProtocolError('Connection aborted.', RemoteDisconnected('Remote end closed connection without response'))': /api/v1/addActor</msg>
<msg timestamp="20220724 06:02:46.364" level="WARN">Retrying (RetryAdapter(total=1, connect=None, read=None, redirect=None, status=None)) after connection broken by 'ProtocolError('Connection aborted.', RemoteDisconnected('Remote end closed connection without response'))': /api/v1/addActor</msg>
<msg timestamp="20220724 06:02:46.766" level="WARN">Retrying (RetryAdapter(total=0, connect=None, read=None, redirect=None, status=None)) after connection broken by 'ProtocolError('Connection aborted.', RemoteDisconnected('Remote end closed connection without response'))': /api/v1/addActor</msg>
<msg timestamp="20220724 06:02:46.769" level="FAIL">ConnectionError: HTTPConnectionPool(host='localhost', port=8080): Max retries exceeded with url: /api/v1/addActor (Caused by ProtocolError('Connection aborted.', ConnectionResetError(104, 'Connection reset by peer')))</msg>
<status status="FAIL" starttime="20220724 06:02:46.160" endtime="20220724 06:02:46.769"/>
</kw>
<kw name="Should Be Equal As Strings" library="BuiltIn">
<arg>${resp.status_code}</arg>
<arg>200</arg>
<doc>Fails if objects are unequal after converting them to strings.</doc>
<status status="NOT RUN" starttime="20220724 06:02:46.770" endtime="20220724 06:02:46.770"/>
</kw>
<timeout value="30 seconds"/>
<status status="FAIL" starttime="20220724 06:02:46.157" endtime="20220724 06:02:46.770">ConnectionError: HTTPConnectionPool(host='localhost', port=8080): Max retries exceeded with url: /api/v1/addActor (Caused by ProtocolError('Connection aborted.', ConnectionResetError(104, 'Connection reset by peer')))</status>
</test>
<test id="s1-t5" name="TestAddActorKeepExistingNode400" line="35">
<kw name="Create Session" library="RequestsLibrary">
<arg>localhost</arg>
<arg>http://localhost:8080</arg>
<doc>Create Session: create a HTTP session to a server</doc>
<msg timestamp="20220724 06:02:46.772" level="INFO">Creating Session using : alias=localhost, url=http://localhost:8080, headers={},                     cookies={}, auth=None, timeout=None, proxies=None, verify=False,                     debug=0 </msg>
<status status="PASS" starttime="20220724 06:02:46.772" endtime="20220724 06:02:46.773"/>
</kw>
<kw name="Create Dictionary" library="BuiltIn">
<var>${headers}</var>
<arg>Content-Type=application/json</arg>
<doc>Creates and returns a dictionary based on the given ``items``.</doc>
<msg timestamp="20220724 06:02:46.773" level="INFO">${headers} = {'Content-Type': 'application/json'}</msg>
<status status="PASS" starttime="20220724 06:02:46.773" endtime="20220724 06:02:46.773"/>
</kw>
<kw name="Create Dictionary" library="BuiltIn">
<var>${params}</var>
<arg>name=Shabaz Badshah</arg>
<arg>actorId=nm2</arg>
<doc>Creates and returns a dictionary based on the given ``items``.</doc>
<msg timestamp="20220724 06:02:46.774" level="INFO">${params} = {'name': 'Shabaz Badshah', 'actorId': 'nm2'}</msg>
<status status="PASS" starttime="20220724 06:02:46.773" endtime="20220724 06:02:46.774"/>
</kw>
<kw name="PUT On Session" library="RequestsLibrary">
<var>${resp}</var>
<arg>localhost</arg>
<arg>/api/v1/addActor</arg>
<arg>json=${params}</arg>
<arg>headers=${headers}</arg>
<arg>expected_status=400</arg>
<doc>Sends a PUT request on a previously created HTTP Session.</doc>
<msg timestamp="20220724 06:02:46.777" level="WARN">Retrying (RetryAdapter(total=2, connect=None, read=None, redirect=None, status=None)) after connection broken by 'ProtocolError('Connection aborted.', RemoteDisconnected('Remote end closed connection without response'))': /api/v1/addActor</msg>
<msg timestamp="20220724 06:02:46.978" level="WARN">Retrying (RetryAdapter(total=1, connect=None, read=None, redirect=None, status=None)) after connection broken by 'ProtocolError('Connection aborted.', RemoteDisconnected('Remote end closed connection without response'))': /api/v1/addActor</msg>
<msg timestamp="20220724 06:02:47.380" level="WARN">Retrying (RetryAdapter(total=0, connect=None, read=None, redirect=None, status=None)) after connection broken by 'ProtocolError('Connection aborted.', RemoteDisconnected('Remote end closed connection without response'))': /api/v1/addActor</msg>
<msg timestamp="20220724 06:02:47.382" level="FAIL">ConnectionError: HTTPConnectionPool(host='localhost', port=8080): Max retries exceeded with url: /api/v1/addActor (Caused by ProtocolError('Connection aborted.', RemoteDisconnected('Remote end closed connection without response')))</msg>
<status status="FAIL" starttime="20220724 06:02:46.774" endtime="20220724 06:02:47.383"/>
</kw>
<kw name="Should Be Equal As Strings" library="BuiltIn">
<arg>${resp.status_code}</arg>
<arg>400</arg>
<doc>Fails if objects are unequal after converting them to strings.</doc>
<status status="NOT RUN" starttime="20220724 06:02:47.383" endtime="20220724 06:02:47.383"/>
</kw>
<timeout value="30 seconds"/>
<status status="FAIL" starttime="20220724 06:02:46.771" endtime="20220724 06:02:47.384">ConnectionError: HTTPConnectionPool(host='localhost', port=8080): Max retries exceeded with url: /api/v1/addActor (Caused by ProtocolError('Connection aborted.', RemoteDisconnected('Remote end closed connection without response')))</status>
</test>
<test id="s1-t6" name="TestAddActorBadBodyParam400" line="42">
<kw name="Create Session" library="RequestsLibrary">
<arg>localhost</arg>
<arg>http://localhost:8080</arg>
<doc>Create Session: create a HTTP session to a server</doc>
<msg timestamp="20220724 06:02:47.386" level="INFO">Creating Session using : alias=localhost, url=http://localhost:8080, headers={},                     cookies={}, auth=None, timeout=None, proxies=None, verify=False,                     debug=0 </msg>
<status status="PASS" starttime="20220724 06:02:47.385" endtime="20220724 06:02:47.386"/>
</kw>
<kw name="Create Dictionary" library="BuiltIn">
<var>${headers}</var>
<arg>Content-Type=application/json</arg>
<doc>Creates and returns a dictionary based on the given ``items``.</doc>
<msg timestamp="20220724 06:02:47.387" level="INFO">${headers} = {'Content-Type': 'application/json'}</msg>
<status status="PASS" starttime="20220724 06:02:47.386" endtime="20220724 06:02:47.387"/>
</kw>
<kw name="Create Dictionary" library="BuiltIn">
<var>${params}</var>
<arg>name=Emma Stone</arg>
<doc>Creates and returns a dictionary based on the given ``items``.</doc>
<msg timestamp="20220724 06:02:47.387" level="INFO">${params} = {'name': 'Emma Stone'}</msg>
<status status="PASS" starttime="20220724 06:02:47.387" endtime="20220724 06:02:47.387"/>
</kw>
<kw name="PUT On Session" library="RequestsLibrary">
<var>${resp}</var>
<arg>localhost</arg>
<arg>/api/v1/addActor</arg>
<arg>json=${params}</arg>
<arg>headers=${headers}</arg>
<arg>expected_status=400</arg>
<doc>Sends a PUT request on a previously created HTTP Session.</doc>
<msg timestamp="20220724 06:02:47.390" level="WARN">Retrying (RetryAdapter(total=2, connect=None, read=None, redirect=None, status=None)) after connection broken by 'ProtocolError('Connection aborted.', RemoteDisconnected('Remote end closed connection without response'))': /api/v1/addActor</msg>
<msg timestamp="20220724 06:02:47.592" level="WARN">Retrying (RetryAdapter(total=1, connect=None, read=None, redirect=None, status=None)) after connection broken by 'ProtocolError('Connection aborted.', RemoteDisconnected('Remote end closed connection without response'))': /api/v1/addActor</msg>
<msg timestamp="20220724 06:02:47.994" level="WARN">Retrying (RetryAdapter(total=0, connect=None, read=None, redirect=None, status=None)) after connection broken by 'ProtocolError('Connection aborted.', RemoteDisconnected('Remote end closed connection without response'))': /api/v1/addActor</msg>
<msg timestamp="20220724 06:02:47.996" level="FAIL">ConnectionError: HTTPConnectionPool(host='localhost', port=8080): Max retries exceeded with url: /api/v1/addActor (Caused by ProtocolError('Connection aborted.', ConnectionResetError(104, 'Connection reset by peer')))</msg>
<status status="FAIL" starttime="20220724 06:02:47.387" endtime="20220724 06:02:47.996"/>
</kw>
<kw name="Should Be Equal As Strings" library="BuiltIn">
<arg>${resp.status_code}</arg>
<arg>400</arg>
<doc>Fails if objects are unequal after converting them to strings.</doc>
<status status="NOT RUN" starttime="20220724 06:02:47.997" endtime="20220724 06:02:47.997"/>
</kw>
<timeout value="30 seconds"/>
<status status="FAIL" starttime="20220724 06:02:47.385" endtime="20220724 06:02:47.998">ConnectionError: HTTPConnectionPool(host='localhost', port=8080): Max retries exceeded with url: /api/v1/addActor (Caused by ProtocolError('Connection aborted.', ConnectionResetError(104, 'Connection reset by peer')))</status>
</test>
<test id="s1-t7" name="TestAddMovie200" line="49">
<kw name="Create Session" library="RequestsLibrary">
<arg>localhost</arg>
<arg>http://localhost:8080</arg>
<doc>Create Session: create a HTTP session to a server</doc>
<msg timestamp="20220724 06:02:47.999" level="INFO">Creating Session using : alias=localhost, url=http://localhost:8080, headers={},                     cookies={}, auth=None, timeout=None, proxies=None, verify=False,                     debug=0 </msg>
<status status="PASS" starttime="20220724 06:02:47.999" endtime="20220724 06:02:48.000"/>
</kw>
<kw name="Create Dictionary" library="BuiltIn">
<var>${headers}</var>
<arg>Content-Type=application/json</arg>
<doc>Creates and returns a dictionary based on the given ``items``.</doc>
<msg timestamp="20220724 06:02:48.000" level="INFO">${headers} = {'Content-Type': 'application/json'}</msg>
<status status="PASS" starttime="20220724 06:02:48.000" endtime="20220724 06:02:48.000"/>
</kw>
<kw name="Create Dictionary" library="BuiltIn">
<var>${params}</var>
<arg>name=Up</arg>
<arg>movieId=tt1</arg>
<doc>Creates and returns a dictionary based on the given ``items``.</doc>
<msg timestamp="20220724 06:02:48.001" level="INFO">${params} = {'name': 'Up', 'movieId': 'tt1'}</msg>
<status status="PASS" starttime="20220724 06:02:48.001" endtime="20220724 06:02:48.001"/>
</kw>
<kw name="PUT On Session" library="RequestsLibrary">
<var>${resp}</var>
<arg>localhost</arg>
<arg>/api/v1/addMovie</arg>
<arg>json=${params}</arg>
<arg>headers=${headers}</arg>
<doc>Sends a PUT request on a previously created HTTP Session.</doc>
<msg timestamp="20220724 06:02:48.004" level="WARN">Retrying (RetryAdapter(total=2, connect=None, read=None, redirect=None, status=None)) after connection broken by 'ProtocolError('Connection aborted.', RemoteDisconnected('Remote end closed connection without response'))': /api/v1/addMovie</msg>
<msg timestamp="20220724 06:02:48.205" level="WARN">Retrying (RetryAdapter(total=1, connect=None, read=None, redirect=None, status=None)) after connection broken by 'ProtocolError('Connection aborted.', RemoteDisconnected('Remote end closed connection without response'))': /api/v1/addMovie</msg>
<msg timestamp="20220724 06:02:48.607" level="WARN">Retrying (RetryAdapter(total=0, connect=None, read=None, redirect=None, status=None)) after connection broken by 'ProtocolError('Connection aborted.', RemoteDisconnected('Remote end closed connection without response'))': /api/v1/addMovie</msg>
<msg timestamp="20220724 06:02:48.609" level="FAIL">ConnectionError: HTTPConnectionPool(host='localhost', port=8080): Max retries exceeded with url: /api/v1/addMovie (Caused by ProtocolError('Connection aborted.', RemoteDisconnected('Remote end closed connection without response')))</msg>
<status status="FAIL" starttime="20220724 06:02:48.001" endtime="20220724 06:02:48.610"/>
</kw>
<kw name="Should Be Equal As Strings" library="BuiltIn">
<arg>${resp.status_code}</arg>
<arg>200</arg>
<doc>Fails if objects are unequal after converting them to strings.</doc>
<status status="NOT RUN" starttime="20220724 06:02:48.610" endtime="20220724 06:02:48.610"/>
</kw>
<timeout value="30 seconds"/>
<status status="FAIL" starttime="20220724 06:02:47.998" endtime="20220724 06:02:48.611">ConnectionError: HTTPConnectionPool(host='localhost', port=8080): Max retries exceeded with url: /api/v1/addMovie (Caused by ProtocolError('Connection aborted.', RemoteDisconnected('Remote end closed connection without response')))</status>
</test>
<test id="s1-t8" name="Test2AddMovieIgnoreExtraParam200" line="56">
<kw name="Create Session" library="RequestsLibrary">
<arg>localhost</arg>
<arg>http://localhost:8080</arg>
<doc>Create Session: create a HTTP session to a server</doc>
<msg timestamp="20220724 06:02:48.613" level="INFO">Creating Session using : alias=localhost, url=http://localhost:8080, headers={},                     cookies={}, auth=None, timeout=None, proxies=None, verify=False,                     debug=0 </msg>
<status status="PASS" starttime="20220724 06:02:48.612" endtime="20220724 06:02:48.613"/>
</kw>
<kw name="Create Dictionary" library="BuiltIn">
<var>${headers}</var>
<arg>Content-Type=application/json</arg>
<doc>Creates and returns a dictionary based on the given ``items``.</doc>
<msg timestamp="20220724 06:02:48.614" level="INFO">${headers} = {'Content-Type': 'application/json'}</msg>
<status status="PASS" starttime="20220724 06:02:48.613" endtime="20220724 06:02:48.614"/>
</kw>
<kw name="Create Dictionary" library="BuiltIn">
<var>${params}</var>
<arg>name=Harry Potter</arg>
<arg>movieId=tt2</arg>
<arg>extra=param</arg>
<doc>Creates and returns a dictionary based on the given ``items``.</doc>
<msg timestamp="20220724 06:02:48.614" level="INFO">${params} = {'name': 'Harry Potter', 'movieId': 'tt2', 'extra': 'param'}</msg>
<status status="PASS" starttime="20220724 06:02:48.614" endtime="20220724 06:02:48.614"/>
</kw>
<kw name="PUT On Session" library="RequestsLibrary">
<var>${resp}</var>
<arg>localhost</arg>
<arg>/api/v1/addMovie</arg>
<arg>json=${params}</arg>
<arg>headers=${headers}</arg>
<doc>Sends a PUT request on a previously created HTTP Session.</doc>
<msg timestamp="20220724 06:02:48.617" level="WARN">Retrying (RetryAdapter(total=2, connect=None, read=None, redirect=None, status=None)) after connection broken by 'ProtocolError('Connection aborted.', RemoteDisconnected('Remote end closed connection without response'))': /api/v1/addMovie</msg>
<msg timestamp="20220724 06:02:48.818" level="WARN">Retrying (RetryAdapter(total=1, connect=None, read=None, redirect=None, status=None)) after connection broken by 'ProtocolError('Connection aborted.', RemoteDisconnected('Remote end closed connection without response'))': /api/v1/addMovie</msg>
<msg timestamp="20220724 06:02:49.220" level="WARN">Retrying (RetryAdapter(total=0, connect=None, read=None, redirect=None, status=None)) after connection broken by 'ProtocolError('Connection aborted.', ConnectionResetError(104, 'Connection reset by peer'))': /api/v1/addMovie</msg>
<msg timestamp="20220724 06:02:49.223" level="FAIL">ConnectionError: HTTPConnectionPool(host='localhost', port=8080): Max retries exceeded with url: /api/v1/addMovie (Caused by ProtocolError('Connection aborted.', ConnectionResetError(104, 'Connection reset by peer')))</msg>
<status status="FAIL" starttime="20220724 06:02:48.615" endtime="20220724 06:02:49.223"/>
</kw>
<kw name="Should Be Equal As Strings" library="BuiltIn">
<arg>${resp.status_code}</arg>
<arg>200</arg>
<doc>Fails if objects are unequal after converting them to strings.</doc>
<status status="NOT RUN" starttime="20220724 06:02:49.224" endtime="20220724 06:02:49.224"/>
</kw>
<timeout value="30 seconds"/>
<status status="FAIL" starttime="20220724 06:02:48.612" endtime="20220724 06:02:49.224">ConnectionError: HTTPConnectionPool(host='localhost', port=8080): Max retries exceeded with url: /api/v1/addMovie (Caused by ProtocolError('Connection aborted.', ConnectionResetError(104, 'Connection reset by peer')))</status>
</test>
<test id="s1-t9" name="Test3AddMovie200" line="63">
<kw name="Create Session" library="RequestsLibrary">
<arg>localhost</arg>
<arg>http://localhost:8080</arg>
<doc>Create Session: create a HTTP session to a server</doc>
<msg timestamp="20220724 06:02:49.226" level="INFO">Creating Session using : alias=localhost, url=http://localhost:8080, headers={},                     cookies={}, auth=None, timeout=None, proxies=None, verify=False,                     debug=0 </msg>
<status status="PASS" starttime="20220724 06:02:49.226" endtime="20220724 06:02:49.226"/>
</kw>
<kw name="Create Dictionary" library="BuiltIn">
<var>${headers}</var>
<arg>Content-Type=application/json</arg>
<doc>Creates and returns a dictionary based on the given ``items``.</doc>
<msg timestamp="20220724 06:02:49.227" level="INFO">${headers} = {'Content-Type': 'application/json'}</msg>
<status status="PASS" starttime="20220724 06:02:49.226" endtime="20220724 06:02:49.227"/>
</kw>
<kw name="Create Dictionary" library="BuiltIn">
<var>${params}</var>
<arg>name=Patriots Day</arg>
<arg>movieId=mv001</arg>
<doc>Creates and returns a dictionary based on the given ``items``.</doc>
<msg timestamp="20220724 06:02:49.228" level="INFO">${params} = {'name': 'Patriots Day', 'movieId': 'mv001'}</msg>
<status status="PASS" starttime="20220724 06:02:49.227" endtime="20220724 06:02:49.228"/>
</kw>
<kw name="PUT On Session" library="RequestsLibrary">
<var>${resp}</var>
<arg>localhost</arg>
<arg>/api/v1/addMovie</arg>
<arg>json=${params}</arg>
<arg>headers=${headers}</arg>
<doc>Sends a PUT request on a previously created HTTP Session.</doc>
<msg timestamp="20220724 06:02:49.230" level="WARN">Retrying (RetryAdapter(total=2, connect=None, read=None, redirect=None, status=None)) after connection broken by 'ProtocolError('Connection aborted.', RemoteDisconnected('Remote end closed connection without response'))': /api/v1/addMovie</msg>
<msg timestamp="20220724 06:02:49.432" level="WARN">Retrying (RetryAdapter(total=1, connect=None, read=None, redirect=None, status=None)) after connection broken by 'ProtocolError('Connection aborted.', RemoteDisconnected('Remote end closed connection without response'))': /api/v1/addMovie</msg>
<msg timestamp="20220724 06:02:49.834" level="WARN">Retrying (RetryAdapter(total=0, connect=None, read=None, redirect=None, status=None)) after connection broken by 'ProtocolError('Connection aborted.', RemoteDisconnected('Remote end closed connection without response'))': /api/v1/addMovie</msg>
<msg timestamp="20220724 06:02:49.836" level="FAIL">ConnectionError: HTTPConnectionPool(host='localhost', port=8080): Max retries exceeded with url: /api/v1/addMovie (Caused by ProtocolError('Connection aborted.', ConnectionResetError(104, 'Connection reset by peer')))</msg>
<status status="FAIL" starttime="20220724 06:02:49.228" endtime="20220724 06:02:49.837"/>
</kw>
<kw name="Should Be Equal As Strings" library="BuiltIn">
<arg>${resp.status_code}</arg>
<arg>200</arg>
<doc>Fails if objects are unequal after converting them to strings.</doc>
<status status="NOT RUN" starttime="20220724 06:02:49.837" endtime="20220724 06:02:49.837"/>
</kw>
<timeout value="30 seconds"/>
<status status="FAIL" starttime="20220724 06:02:49.225" endtime="20220724 06:02:49.838">ConnectionError: HTTPConnectionPool(host='localhost', port=8080): Max retries exceeded with url: /api/v1/addMovie (Caused by ProtocolError('Connection aborted.', ConnectionResetError(104, 'Connection reset by peer')))</status>
</test>
<test id="s1-t10" name="Test4AddMovie200" line="70">
<kw name="Create Session" library="RequestsLibrary">
<arg>localhost</arg>
<arg>http://localhost:8080</arg>
<doc>Create Session: create a HTTP session to a server</doc>
<msg timestamp="20220724 06:02:49.839" level="INFO">Creating Session using : alias=localhost, url=http://localhost:8080, headers={},                     cookies={}, auth=None, timeout=None, proxies=None, verify=False,                     debug=0 </msg>
<status status="PASS" starttime="20220724 06:02:49.839" endtime="20220724 06:02:49.840"/>
</kw>
<kw name="Create Dictionary" library="BuiltIn">
<var>${headers}</var>
<arg>Content-Type=application/json</arg>
<doc>Creates and returns a dictionary based on the given ``items``.</doc>
<msg timestamp="20220724 06:02:49.840" level="INFO">${headers} = {'Content-Type': 'application/json'}</msg>
<status status="PASS" starttime="20220724 06:02:49.840" endtime="20220724 06:02:49.840"/>
</kw>
<kw name="Create Dictionary" library="BuiltIn">
<var>${params}</var>
<arg>name=LOTR</arg>
<arg>movieId=mv002</arg>
<doc>Creates and returns a dictionary based on the given ``items``.</doc>
<msg timestamp="20220724 06:02:49.841" level="INFO">${params} = {'name': 'LOTR', 'movieId': 'mv002'}</msg>
<status status="PASS" starttime="20220724 06:02:49.841" endtime="20220724 06:02:49.841"/>
</kw>
<kw name="PUT On Session" library="RequestsLibrary">
<var>${resp}</var>
<arg>localhost</arg>
<arg>/api/v1/addMovie</arg>
<arg>json=${params}</arg>
<arg>headers=${headers}</arg>
<doc>Sends a PUT request on a previously created HTTP Session.</doc>
<msg timestamp="20220724 06:02:49.844" level="WARN">Retrying (RetryAdapter(total=2, connect=None, read=None, redirect=None, status=None)) after connection broken by 'ProtocolError('Connection aborted.', RemoteDisconnected('Remote end closed connection without response'))': /api/v1/addMovie</msg>
<msg timestamp="20220724 06:02:50.045" level="WARN">Retrying (RetryAdapter(total=1, connect=None, read=None, redirect=None, status=None)) after connection broken by 'ProtocolError('Connection aborted.', RemoteDisconnected('Remote end closed connection without response'))': /api/v1/addMovie</msg>
<msg timestamp="20220724 06:02:50.447" level="WARN">Retrying (RetryAdapter(total=0, connect=None, read=None, redirect=None, status=None)) after connection broken by 'ProtocolError('Connection aborted.', RemoteDisconnected('Remote end closed connection without response'))': /api/v1/addMovie</msg>
<msg timestamp="20220724 06:02:50.449" level="FAIL">ConnectionError: HTTPConnectionPool(host='localhost', port=8080): Max retries exceeded with url: /api/v1/addMovie (Caused by ProtocolError('Connection aborted.', RemoteDisconnected('Remote end closed connection without response')))</msg>
<status status="FAIL" starttime="20220724 06:02:49.841" endtime="20220724 06:02:50.450"/>
</kw>
<kw name="Should Be Equal As Strings" library="BuiltIn">
<arg>${resp.status_code}</arg>
<arg>200</arg>
<doc>Fails if objects are unequal after converting them to strings.</doc>
<status status="NOT RUN" starttime="20220724 06:02:50.450" endtime="20220724 06:02:50.450"/>
</kw>
<timeout value="30 seconds"/>
<status status="FAIL" starttime="20220724 06:02:49.838" endtime="20220724 06:02:50.451">ConnectionError: HTTPConnectionPool(host='localhost', port=8080): Max retries exceeded with url: /api/v1/addMovie (Caused by ProtocolError('Connection aborted.', RemoteDisconnected('Remote end closed connection without response')))</status>
</test>
<test id="s1-t11" name="Test5AddMovie200" line="77">
<kw name="Create Session" library="RequestsLibrary">
<arg>localhost</arg>
<arg>http://localhost:8080</arg>
<doc>Create Session: create a HTTP session to a server</doc>
<msg timestamp="20220724 06:02:50.453" level="INFO">Creating Session using : alias=localhost, url=http://localhost:8080, headers={},                     cookies={}, auth=None, timeout=None, proxies=None, verify=False,                     debug=0 </msg>
<status status="PASS" starttime="20220724 06:02:50.452" endtime="20220724 06:02:50.453"/>
</kw>
<kw name="Create Dictionary" library="BuiltIn">
<var>${headers}</var>
<arg>Content-Type=application/json</arg>
<doc>Creates and returns a dictionary based on the given ``items``.</doc>
<msg timestamp="20220724 06:02:50.454" level="INFO">${headers} = {'Content-Type': 'application/json'}</msg>
<status status="PASS" starttime="20220724 06:02:50.453" endtime="20220724 06:02:50.454"/>
</kw>
<kw name="Create Dictionary" library="BuiltIn">
<var>${params}</var>
<arg>name=RV</arg>
<arg>movieId=mv003</arg>
<doc>Creates and returns a dictionary based on the given ``items``.</doc>
<msg timestamp="20220724 06:02:50.454" level="INFO">${params} = {'name': 'RV', 'movieId': 'mv003'}</msg>
<status status="PASS" starttime="20220724 06:02:50.454" endtime="20220724 06:02:50.454"/>
</kw>
<kw name="PUT On Session" library="RequestsLibrary">
<var>${resp}</var>
<arg>localhost</arg>
<arg>/api/v1/addMovie</arg>
<arg>json=${params}</arg>
<arg>headers=${headers}</arg>
<doc>Sends a PUT request on a previously created HTTP Session.</doc>
<msg timestamp="20220724 06:02:50.457" level="WARN">Retrying (RetryAdapter(total=2, connect=None, read=None, redirect=None, status=None)) after connection broken by 'ProtocolError('Connection aborted.', RemoteDisconnected('Remote end closed connection without response'))': /api/v1/addMovie</msg>
<msg timestamp="20220724 06:02:50.658" level="WARN">Retrying (RetryAdapter(total=1, connect=None, read=None, redirect=None, status=None)) after connection broken by 'ProtocolError('Connection aborted.', RemoteDisconnected('Remote end closed connection without response'))': /api/v1/addMovie</msg>
<msg timestamp="20220724 06:02:51.060" level="WARN">Retrying (RetryAdapter(total=0, connect=None, read=None, redirect=None, status=None)) after connection broken by 'ProtocolError('Connection aborted.', RemoteDisconnected('Remote end closed connection without response'))': /api/v1/addMovie</msg>
<msg timestamp="20220724 06:02:51.063" level="FAIL">ConnectionError: HTTPConnectionPool(host='localhost', port=8080): Max retries exceeded with url: /api/v1/addMovie (Caused by ProtocolError('Connection aborted.', ConnectionResetError(104, 'Connection reset by peer')))</msg>
<status status="FAIL" starttime="20220724 06:02:50.454" endtime="20220724 06:02:51.063"/>
</kw>
<kw name="Should Be Equal As Strings" library="BuiltIn">
<arg>${resp.status_code}</arg>
<arg>200</arg>
<doc>Fails if objects are unequal after converting them to strings.</doc>
<status status="NOT RUN" starttime="20220724 06:02:51.063" endtime="20220724 06:02:51.064"/>
</kw>
<timeout value="30 seconds"/>
<status status="FAIL" starttime="20220724 06:02:50.452" endtime="20220724 06:02:51.064">ConnectionError: HTTPConnectionPool(host='localhost', port=8080): Max retries exceeded with url: /api/v1/addMovie (Caused by ProtocolError('Connection aborted.', ConnectionResetError(104, 'Connection reset by peer')))</status>
</test>
<test id="s1-t12" name="TestAddMovieKeepExistingNode400" line="84">
<kw name="Create Session" library="RequestsLibrary">
<arg>localhost</arg>
<arg>http://localhost:8080</arg>
<doc>Create Session: create a HTTP session to a server</doc>
<msg timestamp="20220724 06:02:51.066" level="INFO">Creating Session using : alias=localhost, url=http://localhost:8080, headers={},                     cookies={}, auth=None, timeout=None, proxies=None, verify=False,                     debug=0 </msg>
<status status="PASS" starttime="20220724 06:02:51.065" endtime="20220724 06:02:51.066"/>
</kw>
<kw name="Create Dictionary" library="BuiltIn">
<var>${headers}</var>
<arg>Content-Type=application/json</arg>
<doc>Creates and returns a dictionary based on the given ``items``.</doc>
<msg timestamp="20220724 06:02:51.067" level="INFO">${headers} = {'Content-Type': 'application/json'}</msg>
<status status="PASS" starttime="20220724 06:02:51.066" endtime="20220724 06:02:51.067"/>
</kw>
<kw name="Create Dictionary" library="BuiltIn">
<var>${params}</var>
<arg>name=Cinderalla</arg>
<arg>movieId=tt2</arg>
<doc>Creates and returns a dictionary based on the given ``items``.</doc>
<msg timestamp="20220724 06:02:51.067" level="INFO">${params} = {'name': 'Cinderalla', 'movieId': 'tt2'}</msg>
<status status="PASS" starttime="20220724 06:02:51.067" endtime="20220724 06:02:51.067"/>
</kw>
<kw name="PUT On Session" library="RequestsLibrary">
<var>${resp}</var>
<arg>localhost</arg>
<arg>/api/v1/addMovie</arg>
<arg>json=${params}</arg>
<arg>headers=${headers}</arg>
<arg>expected_status=400</arg>
<doc>Sends a PUT request on a previously created HTTP Session.</doc>
<msg timestamp="20220724 06:02:51.070" level="WARN">Retrying (RetryAdapter(total=2, connect=None, read=None, redirect=None, status=None)) after connection broken by 'ProtocolError('Connection aborted.', RemoteDisconnected('Remote end closed connection without response'))': /api/v1/addMovie</msg>
<msg timestamp="20220724 06:02:51.272" level="WARN">Retrying (RetryAdapter(total=1, connect=None, read=None, redirect=None, status=None)) after connection broken by 'ProtocolError('Connection aborted.', RemoteDisconnected('Remote end closed connection without response'))': /api/v1/addMovie</msg>
<msg timestamp="20220724 06:02:51.673" level="WARN">Retrying (RetryAdapter(total=0, connect=None, read=None, redirect=None, status=None)) after connection broken by 'ProtocolError('Connection aborted.', RemoteDisconnected('Remote end closed connection without response'))': /api/v1/addMovie</msg>
<msg timestamp="20220724 06:02:51.676" level="FAIL">ConnectionError: HTTPConnectionPool(host='localhost', port=8080): Max retries exceeded with url: /api/v1/addMovie (Caused by ProtocolError('Connection aborted.', RemoteDisconnected('Remote end closed connection without response')))</msg>
<status status="FAIL" starttime="20220724 06:02:51.068" endtime="20220724 06:02:51.677"/>
</kw>
<kw name="Should Be Equal As Strings" library="BuiltIn">
<arg>${resp.status_code}</arg>
<arg>400</arg>
<doc>Fails if objects are unequal after converting them to strings.</doc>
<status status="NOT RUN" starttime="20220724 06:02:51.677" endtime="20220724 06:02:51.677"/>
</kw>
<timeout value="30 seconds"/>
<status status="FAIL" starttime="20220724 06:02:51.065" endtime="20220724 06:02:51.678">ConnectionError: HTTPConnectionPool(host='localhost', port=8080): Max retries exceeded with url: /api/v1/addMovie (Caused by ProtocolError('Connection aborted.', RemoteDisconnected('Remote end closed connection without response')))</status>
</test>
<test id="s1-t13" name="TestAddMovieBadBodyParam400" line="91">
<kw name="Create Session" library="RequestsLibrary">
<arg>localhost</arg>
<arg>http://localhost:8080</arg>
<doc>Create Session: create a HTTP session to a server</doc>
<msg timestamp="20220724 06:02:51.679" level="INFO">Creating Session using : alias=localhost, url=http://localhost:8080, headers={},                     cookies={}, auth=None, timeout=None, proxies=None, verify=False,                     debug=0 </msg>
<status status="PASS" starttime="20220724 06:02:51.679" endtime="20220724 06:02:51.680"/>
</kw>
<kw name="Create Dictionary" library="BuiltIn">
<var>${headers}</var>
<arg>Content-Type=application/json</arg>
<doc>Creates and returns a dictionary based on the given ``items``.</doc>
<msg timestamp="20220724 06:02:51.680" level="INFO">${headers} = {'Content-Type': 'application/json'}</msg>
<status status="PASS" starttime="20220724 06:02:51.680" endtime="20220724 06:02:51.680"/>
</kw>
<kw name="Create Dictionary" library="BuiltIn">
<var>${params}</var>
<arg>name=Graduation</arg>
<doc>Creates and returns a dictionary based on the given ``items``.</doc>
<msg timestamp="20220724 06:02:51.681" level="INFO">${params} = {'name': 'Graduation'}</msg>
<status status="PASS" starttime="20220724 06:02:51.680" endtime="20220724 06:02:51.681"/>
</kw>
<kw name="PUT On Session" library="RequestsLibrary">
<var>${resp}</var>
<arg>localhost</arg>
<arg>/api/v1/addMovie</arg>
<arg>json=${params}</arg>
<arg>headers=${headers}</arg>
<arg>expected_status=400</arg>
<doc>Sends a PUT request on a previously created HTTP Session.</doc>
<msg timestamp="20220724 06:02:51.684" level="WARN">Retrying (RetryAdapter(total=2, connect=None, read=None, redirect=None, status=None)) after connection broken by 'ProtocolError('Connection aborted.', RemoteDisconnected('Remote end closed connection without response'))': /api/v1/addMovie</msg>
<msg timestamp="20220724 06:02:51.885" level="WARN">Retrying (RetryAdapter(total=1, connect=None, read=None, redirect=None, status=None)) after connection broken by 'ProtocolError('Connection aborted.', RemoteDisconnected('Remote end closed connection without response'))': /api/v1/addMovie</msg>
<msg timestamp="20220724 06:02:52.287" level="WARN">Retrying (RetryAdapter(total=0, connect=None, read=None, redirect=None, status=None)) after connection broken by 'ProtocolError('Connection aborted.', ConnectionResetError(104, 'Connection reset by peer'))': /api/v1/addMovie</msg>
<msg timestamp="20220724 06:02:52.289" level="FAIL">ConnectionError: HTTPConnectionPool(host='localhost', port=8080): Max retries exceeded with url: /api/v1/addMovie (Caused by ProtocolError('Connection aborted.', ConnectionResetError(104, 'Connection reset by peer')))</msg>
<status status="FAIL" starttime="20220724 06:02:51.681" endtime="20220724 06:02:52.290"/>
</kw>
<kw name="Should Be Equal As Strings" library="BuiltIn">
<arg>${resp.status_code}</arg>
<arg>400</arg>
<doc>Fails if objects are unequal after converting them to strings.</doc>
<status status="NOT RUN" starttime="20220724 06:02:52.290" endtime="20220724 06:02:52.291"/>
</kw>
<timeout value="30 seconds"/>
<status status="FAIL" starttime="20220724 06:02:51.678" endtime="20220724 06:02:52.291">ConnectionError: HTTPConnectionPool(host='localhost', port=8080): Max retries exceeded with url: /api/v1/addMovie (Caused by ProtocolError('Connection aborted.', ConnectionResetError(104, 'Connection reset by peer')))</status>
</test>
<test id="s1-t14" name="TestAddRelation200" line="98">
<kw name="Create Session" library="RequestsLibrary">
<arg>localhost</arg>
<arg>http://localhost:8080</arg>
<doc>Create Session: create a HTTP session to a server</doc>
<msg timestamp="20220724 06:02:52.293" level="INFO">Creating Session using : alias=localhost, url=http://localhost:8080, headers={},                     cookies={}, auth=None, timeout=None, proxies=None, verify=False,                     debug=0 </msg>
<status status="PASS" starttime="20220724 06:02:52.292" endtime="20220724 06:02:52.293"/>
</kw>
<kw name="Create Dictionary" library="BuiltIn">
<var>${headers}</var>
<arg>Content-Type=application/json</arg>
<doc>Creates and returns a dictionary based on the given ``items``.</doc>
<msg timestamp="20220724 06:02:52.294" level="INFO">${headers} = {'Content-Type': 'application/json'}</msg>
<status status="PASS" starttime="20220724 06:02:52.293" endtime="20220724 06:02:52.294"/>
</kw>
<kw name="Create Dictionary" library="BuiltIn">
<var>${params}</var>
<arg>actorId=nm1</arg>
<arg>movieId=tt1</arg>
<doc>Creates and returns a dictionary based on the given ``items``.</doc>
<msg timestamp="20220724 06:02:52.294" level="INFO">${params} = {'actorId': 'nm1', 'movieId': 'tt1'}</msg>
<status status="PASS" starttime="20220724 06:02:52.294" endtime="20220724 06:02:52.294"/>
</kw>
<kw name="PUT On Session" library="RequestsLibrary">
<var>${resp}</var>
<arg>localhost</arg>
<arg>/api/v1/addRelationship</arg>
<arg>json=${params}</arg>
<arg>headers=${headers}</arg>
<doc>Sends a PUT request on a previously created HTTP Session.</doc>
<msg timestamp="20220724 06:02:52.297" level="WARN">Retrying (RetryAdapter(total=2, connect=None, read=None, redirect=None, status=None)) after connection broken by 'ProtocolError('Connection aborted.', RemoteDisconnected('Remote end closed connection without response'))': /api/v1/addRelationship</msg>
<msg timestamp="20220724 06:02:52.499" level="WARN">Retrying (RetryAdapter(total=1, connect=None, read=None, redirect=None, status=None)) after connection broken by 'ProtocolError('Connection aborted.', RemoteDisconnected('Remote end closed connection without response'))': /api/v1/addRelationship</msg>
<msg timestamp="20220724 06:02:52.900" level="WARN">Retrying (RetryAdapter(total=0, connect=None, read=None, redirect=None, status=None)) after connection broken by 'ProtocolError('Connection aborted.', RemoteDisconnected('Remote end closed connection without response'))': /api/v1/addRelationship</msg>
<msg timestamp="20220724 06:02:52.903" level="FAIL">ConnectionError: HTTPConnectionPool(host='localhost', port=8080): Max retries exceeded with url: /api/v1/addRelationship (Caused by ProtocolError('Connection aborted.', ConnectionResetError(104, 'Connection reset by peer')))</msg>
<status status="FAIL" starttime="20220724 06:02:52.295" endtime="20220724 06:02:52.903"/>
</kw>
<kw name="Should Be Equal As Strings" library="BuiltIn">
<arg>${resp.status_code}</arg>
<arg>200</arg>
<doc>Fails if objects are unequal after converting them to strings.</doc>
<status status="NOT RUN" starttime="20220724 06:02:52.904" endtime="20220724 06:02:52.904"/>
</kw>
<timeout value="30 seconds"/>
<status status="FAIL" starttime="20220724 06:02:52.292" endtime="20220724 06:02:52.904">ConnectionError: HTTPConnectionPool(host='localhost', port=8080): Max retries exceeded with url: /api/v1/addRelationship (Caused by ProtocolError('Connection aborted.', ConnectionResetError(104, 'Connection reset by peer')))</status>
</test>
<test id="s1-t15" name="Test2AddRelationIgnoreExtraParam200" line="105">
<kw name="Create Session" library="RequestsLibrary">
<arg>localhost</arg>
<arg>http://localhost:8080</arg>
<doc>Create Session: create a HTTP session to a server</doc>
<msg timestamp="20220724 06:02:52.906" level="INFO">Creating Session using : alias=localhost, url=http://localhost:8080, headers={},                     cookies={}, auth=None, timeout=None, proxies=None, verify=False,                     debug=0 </msg>
<status status="PASS" starttime="20220724 06:02:52.906" endtime="20220724 06:02:52.906"/>
</kw>
<kw name="Create Dictionary" library="BuiltIn">
<var>${headers}</var>
<arg>Content-Type=application/json</arg>
<doc>Creates and returns a dictionary based on the given ``items``.</doc>
<msg timestamp="20220724 06:02:52.907" level="INFO">${headers} = {'Content-Type': 'application/json'}</msg>
<status status="PASS" starttime="20220724 06:02:52.907" endtime="20220724 06:02:52.907"/>
</kw>
<kw name="Create Dictionary" library="BuiltIn">
<var>${params}</var>
<arg>actorId=nm1</arg>
<arg>movieId=mv002</arg>
<arg>extra=param</arg>
<doc>Creates and returns a dictionary based on the given ``items``.</doc>
<msg timestamp="20220724 06:02:52.908" level="INFO">${params} = {'actorId': 'nm1', 'movieId': 'mv002', 'extra': 'param'}</msg>
<status status="PASS" starttime="20220724 06:02:52.907" endtime="20220724 06:02:52.908"/>
</kw>
<kw name="PUT On Session" library="RequestsLibrary">
<var>${resp}</var>
<arg>localhost</arg>
<arg>/api/v1/addRelationship</arg>
<arg>json=${params}</arg>
<arg>headers=${headers}</arg>
<doc>Sends a PUT request on a previously created HTTP Session.</doc>
<msg timestamp="20220724 06:02:52.911" level="WARN">Retrying (RetryAdapter(total=2, connect=None, read=None, redirect=None, status=None)) after connection broken by 'ProtocolError('Connection aborted.', RemoteDisconnected('Remote end closed connection without response'))': /api/v1/addRelationship</msg>
<msg timestamp="20220724 06:02:53.112" level="WARN">Retrying (RetryAdapter(total=1, connect=None, read=None, redirect=None, status=None)) after connection broken by 'ProtocolError('Connection aborted.', RemoteDisconnected('Remote end closed connection without response'))': /api/v1/addRelationship</msg>
<msg timestamp="20220724 06:02:53.514" level="WARN">Retrying (RetryAdapter(total=0, connect=None, read=None, redirect=None, status=None)) after connection broken by 'ProtocolError('Connection aborted.', RemoteDisconnected('Remote end closed connection without response'))': /api/v1/addRelationship</msg>
<msg timestamp="20220724 06:02:53.516" level="FAIL">ConnectionError: HTTPConnectionPool(host='localhost', port=8080): Max retries exceeded with url: /api/v1/addRelationship (Caused by ProtocolError('Connection aborted.', RemoteDisconnected('Remote end closed connection without response')))</msg>
<status status="FAIL" starttime="20220724 06:02:52.908" endtime="20220724 06:02:53.517"/>
</kw>
<kw name="Should Be Equal As Strings" library="BuiltIn">
<arg>${resp.status_code}</arg>
<arg>200</arg>
<doc>Fails if objects are unequal after converting them to strings.</doc>
<status status="NOT RUN" starttime="20220724 06:02:53.517" endtime="20220724 06:02:53.517"/>
</kw>
<timeout value="30 seconds"/>
<status status="FAIL" starttime="20220724 06:02:52.905" endtime="20220724 06:02:53.518">ConnectionError: HTTPConnectionPool(host='localhost', port=8080): Max retries exceeded with url: /api/v1/addRelationship (Caused by ProtocolError('Connection aborted.', RemoteDisconnected('Remote end closed connection without response')))</status>
</test>
<test id="s1-t16" name="Test4AddRelation200" line="112">
<kw name="Create Session" library="RequestsLibrary">
<arg>localhost</arg>
<arg>http://localhost:8080</arg>
<doc>Create Session: create a HTTP session to a server</doc>
<msg timestamp="20220724 06:02:53.520" level="INFO">Creating Session using : alias=localhost, url=http://localhost:8080, headers={},                     cookies={}, auth=None, timeout=None, proxies=None, verify=False,                     debug=0 </msg>
<status status="PASS" starttime="20220724 06:02:53.519" endtime="20220724 06:02:53.520"/>
</kw>
<kw name="Create Dictionary" library="BuiltIn">
<var>${headers}</var>
<arg>Content-Type=application/json</arg>
<doc>Creates and returns a dictionary based on the given ``items``.</doc>
<msg timestamp="20220724 06:02:53.521" level="INFO">${headers} = {'Content-Type': 'application/json'}</msg>
<status status="PASS" starttime="20220724 06:02:53.520" endtime="20220724 06:02:53.521"/>
</kw>
<kw name="Create Dictionary" library="BuiltIn">
<var>${params}</var>
<arg>actorId=nm3</arg>
<arg>movieId=tt1</arg>
<doc>Creates and returns a dictionary based on the given ``items``.</doc>
<msg timestamp="20220724 06:02:53.521" level="INFO">${params} = {'actorId': 'nm3', 'movieId': 'tt1'}</msg>
<status status="PASS" starttime="20220724 06:02:53.521" endtime="20220724 06:02:53.521"/>
</kw>
<kw name="PUT On Session" library="RequestsLibrary">
<var>${resp}</var>
<arg>localhost</arg>
<arg>/api/v1/addRelationship</arg>
<arg>json=${params}</arg>
<arg>headers=${headers}</arg>
<doc>Sends a PUT request on a previously created HTTP Session.</doc>
<msg timestamp="20220724 06:02:53.524" level="WARN">Retrying (RetryAdapter(total=2, connect=None, read=None, redirect=None, status=None)) after connection broken by 'ProtocolError('Connection aborted.', RemoteDisconnected('Remote end closed connection without response'))': /api/v1/addRelationship</msg>
<msg timestamp="20220724 06:02:53.725" level="WARN">Retrying (RetryAdapter(total=1, connect=None, read=None, redirect=None, status=None)) after connection broken by 'ProtocolError('Connection aborted.', RemoteDisconnected('Remote end closed connection without response'))': /api/v1/addRelationship</msg>
<msg timestamp="20220724 06:02:54.127" level="WARN">Retrying (RetryAdapter(total=0, connect=None, read=None, redirect=None, status=None)) after connection broken by 'ProtocolError('Connection aborted.', ConnectionResetError(104, 'Connection reset by peer'))': /api/v1/addRelationship</msg>
<msg timestamp="20220724 06:02:54.130" level="FAIL">ConnectionError: HTTPConnectionPool(host='localhost', port=8080): Max retries exceeded with url: /api/v1/addRelationship (Caused by ProtocolError('Connection aborted.', ConnectionResetError(104, 'Connection reset by peer')))</msg>
<status status="FAIL" starttime="20220724 06:02:53.522" endtime="20220724 06:02:54.130"/>
</kw>
<kw name="Should Be Equal As Strings" library="BuiltIn">
<arg>${resp.status_code}</arg>
<arg>200</arg>
<doc>Fails if objects are unequal after converting them to strings.</doc>
<status status="NOT RUN" starttime="20220724 06:02:54.130" endtime="20220724 06:02:54.130"/>
</kw>
<timeout value="30 seconds"/>
<status status="FAIL" starttime="20220724 06:02:53.519" endtime="20220724 06:02:54.131">ConnectionError: HTTPConnectionPool(host='localhost', port=8080): Max retries exceeded with url: /api/v1/addRelationship (Caused by ProtocolError('Connection aborted.', ConnectionResetError(104, 'Connection reset by peer')))</status>
</test>
<test id="s1-t17" name="Test5AddRelation200" line="119">
<kw name="Create Session" library="RequestsLibrary">
<arg>localhost</arg>
<arg>http://localhost:8080</arg>
<doc>Create Session: create a HTTP session to a server</doc>
<msg timestamp="20220724 06:02:54.133" level="INFO">Creating Session using : alias=localhost, url=http://localhost:8080, headers={},                     cookies={}, auth=None, timeout=None, proxies=None, verify=False,                     debug=0 </msg>
<status status="PASS" starttime="20220724 06:02:54.132" endtime="20220724 06:02:54.133"/>
</kw>
<kw name="Create Dictionary" library="BuiltIn">
<var>${headers}</var>
<arg>Content-Type=application/json</arg>
<doc>Creates and returns a dictionary based on the given ``items``.</doc>
<msg timestamp="20220724 06:02:54.134" level="INFO">${headers} = {'Content-Type': 'application/json'}</msg>
<status status="PASS" starttime="20220724 06:02:54.133" endtime="20220724 06:02:54.134"/>
</kw>
<kw name="Create Dictionary" library="BuiltIn">
<var>${params}</var>
<arg>actorId=nm0000102</arg>
<arg>movieId=mv001</arg>
<doc>Creates and returns a dictionary based on the given ``items``.</doc>
<msg timestamp="20220724 06:02:54.134" level="INFO">${params} = {'actorId': 'nm0000102', 'movieId': 'mv001'}</msg>
<status status="PASS" starttime="20220724 06:02:54.134" endtime="20220724 06:02:54.134"/>
</kw>
<kw name="PUT On Session" library="RequestsLibrary">
<var>${resp}</var>
<arg>localhost</arg>
<arg>/api/v1/addRelationship</arg>
<arg>json=${params}</arg>
<arg>headers=${headers}</arg>
<doc>Sends a PUT request on a previously created HTTP Session.</doc>
<msg timestamp="20220724 06:02:54.137" level="WARN">Retrying (RetryAdapter(total=2, connect=None, read=None, redirect=None, status=None)) after connection broken by 'ProtocolError('Connection aborted.', RemoteDisconnected('Remote end closed connection without response'))': /api/v1/addRelationship</msg>
<msg timestamp="20220724 06:02:54.338" level="WARN">Retrying (RetryAdapter(total=1, connect=None, read=None, redirect=None, status=None)) after connection broken by 'ProtocolError('Connection aborted.', RemoteDisconnected('Remote end closed connection without response'))': /api/v1/addRelationship</msg>
<msg timestamp="20220724 06:02:54.740" level="WARN">Retrying (RetryAdapter(total=0, connect=None, read=None, redirect=None, status=None)) after connection broken by 'ProtocolError('Connection aborted.', RemoteDisconnected('Remote end closed connection without response'))': /api/v1/addRelationship</msg>
<msg timestamp="20220724 06:02:54.743" level="FAIL">ConnectionError: HTTPConnectionPool(host='localhost', port=8080): Max retries exceeded with url: /api/v1/addRelationship (Caused by ProtocolError('Connection aborted.', ConnectionResetError(104, 'Connection reset by peer')))</msg>
<status status="FAIL" starttime="20220724 06:02:54.135" endtime="20220724 06:02:54.743"/>
</kw>
<kw name="Should Be Equal As Strings" library="BuiltIn">
<arg>${resp.status_code}</arg>
<arg>200</arg>
<doc>Fails if objects are unequal after converting them to strings.</doc>
<status status="NOT RUN" starttime="20220724 06:02:54.743" endtime="20220724 06:02:54.744"/>
</kw>
<timeout value="30 seconds"/>
<status status="FAIL" starttime="20220724 06:02:54.132" endtime="20220724 06:02:54.744">ConnectionError: HTTPConnectionPool(host='localhost', port=8080): Max retries exceeded with url: /api/v1/addRelationship (Caused by ProtocolError('Connection aborted.', ConnectionResetError(104, 'Connection reset by peer')))</status>
</test>
<test id="s1-t18" name="Test6AddRelation200" line="126">
<kw name="Create Session" library="RequestsLibrary">
<arg>localhost</arg>
<arg>http://localhost:8080</arg>
<doc>Create Session: create a HTTP session to a server</doc>
<msg timestamp="20220724 06:02:54.746" level="INFO">Creating Session using : alias=localhost, url=http://localhost:8080, headers={},                     cookies={}, auth=None, timeout=None, proxies=None, verify=False,                     debug=0 </msg>
<status status="PASS" starttime="20220724 06:02:54.745" endtime="20220724 06:02:54.746"/>
</kw>
<kw name="Create Dictionary" library="BuiltIn">
<var>${headers}</var>
<arg>Content-Type=application/json</arg>
<doc>Creates and returns a dictionary based on the given ``items``.</doc>
<msg timestamp="20220724 06:02:54.747" level="INFO">${headers} = {'Content-Type': 'application/json'}</msg>
<status status="PASS" starttime="20220724 06:02:54.746" endtime="20220724 06:02:54.747"/>
</kw>
<kw name="Create Dictionary" library="BuiltIn">
<var>${params}</var>
<arg>actorId=nm0000102</arg>
<arg>movieId=mv002</arg>
<doc>Creates and returns a dictionary based on the given ``items``.</doc>
<msg timestamp="20220724 06:02:54.747" level="INFO">${params} = {'actorId': 'nm0000102', 'movieId': 'mv002'}</msg>
<status status="PASS" starttime="20220724 06:02:54.747" endtime="20220724 06:02:54.747"/>
</kw>
<kw name="PUT On Session" library="RequestsLibrary">
<var>${resp}</var>
<arg>localhost</arg>
<arg>/api/v1/addRelationship</arg>
<arg>json=${params}</arg>
<arg>headers=${headers}</arg>
<doc>Sends a PUT request on a previously created HTTP Session.</doc>
<msg timestamp="20220724 06:02:54.750" level="WARN">Retrying (RetryAdapter(total=2, connect=None, read=None, redirect=None, status=None)) after connection broken by 'ProtocolError('Connection aborted.', RemoteDisconnected('Remote end closed connection without response'))': /api/v1/addRelationship</msg>
<msg timestamp="20220724 06:02:54.952" level="WARN">Retrying (RetryAdapter(total=1, connect=None, read=None, redirect=None, status=None)) after connection broken by 'ProtocolError('Connection aborted.', RemoteDisconnected('Remote end closed connection without response'))': /api/v1/addRelationship</msg>
<msg timestamp="20220724 06:02:55.354" level="WARN">Retrying (RetryAdapter(total=0, connect=None, read=None, redirect=None, status=None)) after connection broken by 'ProtocolError('Connection aborted.', RemoteDisconnected('Remote end closed connection without response'))': /api/v1/addRelationship</msg>
<msg timestamp="20220724 06:02:55.356" level="FAIL">ConnectionError: HTTPConnectionPool(host='localhost', port=8080): Max retries exceeded with url: /api/v1/addRelationship (Caused by ProtocolError('Connection aborted.', RemoteDisconnected('Remote end closed connection without response')))</msg>
<status status="FAIL" starttime="20220724 06:02:54.748" endtime="20220724 06:02:55.356"/>
</kw>
<kw name="Should Be Equal As Strings" library="BuiltIn">
<arg>${resp.status_code}</arg>
<arg>200</arg>
<doc>Fails if objects are unequal after converting them to strings.</doc>
<status status="NOT RUN" starttime="20220724 06:02:55.357" endtime="20220724 06:02:55.357"/>
</kw>
<timeout value="30 seconds"/>
<status status="FAIL" starttime="20220724 06:02:54.745" endtime="20220724 06:02:55.357">ConnectionError: HTTPConnectionPool(host='localhost', port=8080): Max retries exceeded with url: /api/v1/addRelationship (Caused by ProtocolError('Connection aborted.', RemoteDisconnected('Remote end closed connection without response')))</status>
</test>
<test id="s1-t19" name="Test7AddRelation200" line="133">
<kw name="Create Session" library="RequestsLibrary">
<arg>localhost</arg>
<arg>http://localhost:8080</arg>
<doc>Create Session: create a HTTP session to a server</doc>
<msg timestamp="20220724 06:02:55.359" level="INFO">Creating Session using : alias=localhost, url=http://localhost:8080, headers={},                     cookies={}, auth=None, timeout=None, proxies=None, verify=False,                     debug=0 </msg>
<status status="PASS" starttime="20220724 06:02:55.359" endtime="20220724 06:02:55.359"/>
</kw>
<kw name="Create Dictionary" library="BuiltIn">
<var>${headers}</var>
<arg>Content-Type=application/json</arg>
<doc>Creates and returns a dictionary based on the given ``items``.</doc>
<msg timestamp="20220724 06:02:55.360" level="INFO">${headers} = {'Content-Type': 'application/json'}</msg>
<status status="PASS" starttime="20220724 06:02:55.359" endtime="20220724 06:02:55.360"/>
</kw>
<kw name="Create Dictionary" library="BuiltIn">
<var>${params}</var>
<arg>actorId=nm0000102</arg>
<arg>movieId=mv003</arg>
<doc>Creates and returns a dictionary based on the given ``items``.</doc>
<msg timestamp="20220724 06:02:55.361" level="INFO">${params} = {'actorId': 'nm0000102', 'movieId': 'mv003'}</msg>
<status status="PASS" starttime="20220724 06:02:55.360" endtime="20220724 06:02:55.361"/>
</kw>
<kw name="PUT On Session" library="RequestsLibrary">
<var>${resp}</var>
<arg>localhost</arg>
<arg>/api/v1/addRelationship</arg>
<arg>json=${params}</arg>
<arg>headers=${headers}</arg>
<doc>Sends a PUT request on a previously created HTTP Session.</doc>
<msg timestamp="20220724 06:02:55.364" level="WARN">Retrying (RetryAdapter(total=2, connect=None, read=None, redirect=None, status=None)) after connection broken by 'ProtocolError('Connection aborted.', RemoteDisconnected('Remote end closed connection without response'))': /api/v1/addRelationship</msg>
<msg timestamp="20220724 06:02:55.565" level="WARN">Retrying (RetryAdapter(total=1, connect=None, read=None, redirect=None, status=None)) after connection broken by 'ProtocolError('Connection aborted.', RemoteDisconnected('Remote end closed connection without response'))': /api/v1/addRelationship</msg>
<msg timestamp="20220724 06:02:55.967" level="WARN">Retrying (RetryAdapter(total=0, connect=None, read=None, redirect=None, status=None)) after connection broken by 'ProtocolError('Connection aborted.', RemoteDisconnected('Remote end closed connection without response'))': /api/v1/addRelationship</msg>
<msg timestamp="20220724 06:02:55.969" level="FAIL">ConnectionError: HTTPConnectionPool(host='localhost', port=8080): Max retries exceeded with url: /api/v1/addRelationship (Caused by ProtocolError('Connection aborted.', ConnectionResetError(104, 'Connection reset by peer')))</msg>
<status status="FAIL" starttime="20220724 06:02:55.361" endtime="20220724 06:02:55.969"/>
</kw>
<kw name="Should Be Equal As Strings" library="BuiltIn">
<arg>${resp.status_code}</arg>
<arg>200</arg>
<doc>Fails if objects are unequal after converting them to strings.</doc>
<status status="NOT RUN" starttime="20220724 06:02:55.970" endtime="20220724 06:02:55.970"/>
</kw>
<timeout value="30 seconds"/>
<status status="FAIL" starttime="20220724 06:02:55.358" endtime="20220724 06:02:55.971">ConnectionError: HTTPConnectionPool(host='localhost', port=8080): Max retries exceeded with url: /api/v1/addRelationship (Caused by ProtocolError('Connection aborted.', ConnectionResetError(104, 'Connection reset by peer')))</status>
</test>
<test id="s1-t20" name="TestAddRelationBadBodyParam400" line="140">
<kw name="Create Session" library="RequestsLibrary">
<arg>localhost</arg>
<arg>http://localhost:8080</arg>
<doc>Create Session: create a HTTP session to a server</doc>
<msg timestamp="20220724 06:02:55.974" level="INFO">Creating Session using : alias=localhost, url=http://localhost:8080, headers={},                     cookies={}, auth=None, timeout=None, proxies=None, verify=False,                     debug=0 </msg>
<status status="PASS" starttime="20220724 06:02:55.972" endtime="20220724 06:02:55.974"/>
</kw>
<kw name="Create Dictionary" library="BuiltIn">
<var>${headers}</var>
<arg>Content-Type=application/json</arg>
<doc>Creates and returns a dictionary based on the given ``items``.</doc>
<msg timestamp="20220724 06:02:55.975" level="INFO">${headers} = {'Content-Type': 'application/json'}</msg>
<status status="PASS" starttime="20220724 06:02:55.975" endtime="20220724 06:02:55.975"/>
</kw>
<kw name="Create Dictionary" library="BuiltIn">
<var>${params}</var>
<arg>actor=nm0000102</arg>
<doc>Creates and returns a dictionary based on the given ``items``.</doc>
<msg timestamp="20220724 06:02:55.976" level="INFO">${params} = {'actor': 'nm0000102'}</msg>
<status status="PASS" starttime="20220724 06:02:55.975" endtime="20220724 06:02:55.976"/>
</kw>
<kw name="PUT On Session" library="RequestsLibrary">
<var>${resp}</var>
<arg>localhost</arg>
<arg>/api/v1/addRelationship</arg>
<arg>json=${params}</arg>
<arg>headers=${headers}</arg>
<arg>expected_status=400</arg>
<doc>Sends a PUT request on a previously created HTTP Session.</doc>
<msg timestamp="20220724 06:02:55.979" level="WARN">Retrying (RetryAdapter(total=2, connect=None, read=None, redirect=None, status=None)) after connection broken by 'ProtocolError('Connection aborted.', RemoteDisconnected('Remote end closed connection without response'))': /api/v1/addRelationship</msg>
<msg timestamp="20220724 06:02:56.180" level="WARN">Retrying (RetryAdapter(total=1, connect=None, read=None, redirect=None, status=None)) after connection broken by 'ProtocolError('Connection aborted.', RemoteDisconnected('Remote end closed connection without response'))': /api/v1/addRelationship</msg>
<msg timestamp="20220724 06:02:56.582" level="WARN">Retrying (RetryAdapter(total=0, connect=None, read=None, redirect=None, status=None)) after connection broken by 'ProtocolError('Connection aborted.', RemoteDisconnected('Remote end closed connection without response'))': /api/v1/addRelationship</msg>
<msg timestamp="20220724 06:02:56.584" level="FAIL">ConnectionError: HTTPConnectionPool(host='localhost', port=8080): Max retries exceeded with url: /api/v1/addRelationship (Caused by ProtocolError('Connection aborted.', RemoteDisconnected('Remote end closed connection without response')))</msg>
<status status="FAIL" starttime="20220724 06:02:55.976" endtime="20220724 06:02:56.585"/>
</kw>
<kw name="Should Be Equal As Strings" library="BuiltIn">
<arg>${resp.status_code}</arg>
<arg>400</arg>
<doc>Fails if objects are unequal after converting them to strings.</doc>
<status status="NOT RUN" starttime="20220724 06:02:56.585" endtime="20220724 06:02:56.585"/>
</kw>
<timeout value="30 seconds"/>
<status status="FAIL" starttime="20220724 06:02:55.971" endtime="20220724 06:02:56.586">ConnectionError: HTTPConnectionPool(host='localhost', port=8080): Max retries exceeded with url: /api/v1/addRelationship (Caused by ProtocolError('Connection aborted.', RemoteDisconnected('Remote end closed connection without response')))</status>
</test>
<test id="s1-t21" name="TestAddRelationMovieNoExist404" line="147">
<kw name="Create Session" library="RequestsLibrary">
<arg>localhost</arg>
<arg>http://localhost:8080</arg>
<doc>Create Session: create a HTTP session to a server</doc>
<msg timestamp="20220724 06:02:56.587" level="INFO">Creating Session using : alias=localhost, url=http://localhost:8080, headers={},                     cookies={}, auth=None, timeout=None, proxies=None, verify=False,                     debug=0 </msg>
<status status="PASS" starttime="20220724 06:02:56.587" endtime="20220724 06:02:56.587"/>
</kw>
<kw name="Create Dictionary" library="BuiltIn">
<var>${headers}</var>
<arg>Content-Type=application/json</arg>
<doc>Creates and returns a dictionary based on the given ``items``.</doc>
<msg timestamp="20220724 06:02:56.588" level="INFO">${headers} = {'Content-Type': 'application/json'}</msg>
<status status="PASS" starttime="20220724 06:02:56.588" endtime="20220724 06:02:56.588"/>
</kw>
<kw name="Create Dictionary" library="BuiltIn">
<var>${params}</var>
<arg>actorId=nm0000102</arg>
<arg>movieId=notexist</arg>
<doc>Creates and returns a dictionary based on the given ``items``.</doc>
<msg timestamp="20220724 06:02:56.589" level="INFO">${params} = {'actorId': 'nm0000102', 'movieId': 'notexist'}</msg>
<status status="PASS" starttime="20220724 06:02:56.588" endtime="20220724 06:02:56.589"/>
</kw>
<kw name="PUT On Session" library="RequestsLibrary">
<var>${resp}</var>
<arg>localhost</arg>
<arg>/api/v1/addRelationship</arg>
<arg>json=${params}</arg>
<arg>headers=${headers}</arg>
<arg>expected_status=404</arg>
<doc>Sends a PUT request on a previously created HTTP Session.</doc>
<msg timestamp="20220724 06:02:56.592" level="WARN">Retrying (RetryAdapter(total=2, connect=None, read=None, redirect=None, status=None)) after connection broken by 'ProtocolError('Connection aborted.', RemoteDisconnected('Remote end closed connection without response'))': /api/v1/addRelationship</msg>
<msg timestamp="20220724 06:02:56.793" level="WARN">Retrying (RetryAdapter(total=1, connect=None, read=None, redirect=None, status=None)) after connection broken by 'ProtocolError('Connection aborted.', RemoteDisconnected('Remote end closed connection without response'))': /api/v1/addRelationship</msg>
<msg timestamp="20220724 06:02:57.195" level="WARN">Retrying (RetryAdapter(total=0, connect=None, read=None, redirect=None, status=None)) after connection broken by 'ProtocolError('Connection aborted.', ConnectionResetError(104, 'Connection reset by peer'))': /api/v1/addRelationship</msg>
<msg timestamp="20220724 06:02:57.198" level="FAIL">ConnectionError: HTTPConnectionPool(host='localhost', port=8080): Max retries exceeded with url: /api/v1/addRelationship (Caused by ProtocolError('Connection aborted.', ConnectionResetError(104, 'Connection reset by peer')))</msg>
<status status="FAIL" starttime="20220724 06:02:56.589" endtime="20220724 06:02:57.198"/>
</kw>
<kw name="Should Be Equal As Strings" library="BuiltIn">
<arg>${resp.status_code}</arg>
<arg>404</arg>
<doc>Fails if objects are unequal after converting them to strings.</doc>
<status status="NOT RUN" starttime="20220724 06:02:57.199" endtime="20220724 06:02:57.199"/>
</kw>
<timeout value="30 seconds"/>
<status status="FAIL" starttime="20220724 06:02:56.586" endtime="20220724 06:02:57.199">ConnectionError: HTTPConnectionPool(host='localhost', port=8080): Max retries exceeded with url: /api/v1/addRelationship (Caused by ProtocolError('Connection aborted.', ConnectionResetError(104, 'Connection reset by peer')))</status>
</test>
<test id="s1-t22" name="TestAddRelationActorNoExist404" line="154">
<kw name="Create Session" library="RequestsLibrary">
<arg>localhost</arg>
<arg>http://localhost:8080</arg>
<doc>Create Session: create a HTTP session to a server</doc>
<msg timestamp="20220724 06:02:57.201" level="INFO">Creating Session using : alias=localhost, url=http://localhost:8080, headers={},                     cookies={}, auth=None, timeout=None, proxies=None, verify=False,                     debug=0 </msg>
<status status="PASS" starttime="20220724 06:02:57.200" endtime="20220724 06:02:57.201"/>
</kw>
<kw name="Create Dictionary" library="BuiltIn">
<var>${headers}</var>
<arg>Content-Type=application/json</arg>
<doc>Creates and returns a dictionary based on the given ``items``.</doc>
<msg timestamp="20220724 06:02:57.202" level="INFO">${headers} = {'Content-Type': 'application/json'}</msg>
<status status="PASS" starttime="20220724 06:02:57.201" endtime="20220724 06:02:57.202"/>
</kw>
<kw name="Create Dictionary" library="BuiltIn">
<var>${params}</var>
<arg>actorId=notexist</arg>
<arg>movieId=tt1</arg>
<doc>Creates and returns a dictionary based on the given ``items``.</doc>
<msg timestamp="20220724 06:02:57.202" level="INFO">${params} = {'actorId': 'notexist', 'movieId': 'tt1'}</msg>
<status status="PASS" starttime="20220724 06:02:57.202" endtime="20220724 06:02:57.202"/>
</kw>
<kw name="PUT On Session" library="RequestsLibrary">
<var>${resp}</var>
<arg>localhost</arg>
<arg>/api/v1/addRelationship</arg>
<arg>json=${params}</arg>
<arg>headers=${headers}</arg>
<arg>expected_status=404</arg>
<doc>Sends a PUT request on a previously created HTTP Session.</doc>
<msg timestamp="20220724 06:02:57.205" level="WARN">Retrying (RetryAdapter(total=2, connect=None, read=None, redirect=None, status=None)) after connection broken by 'ProtocolError('Connection aborted.', RemoteDisconnected('Remote end closed connection without response'))': /api/v1/addRelationship</msg>
<msg timestamp="20220724 06:02:57.406" level="WARN">Retrying (RetryAdapter(total=1, connect=None, read=None, redirect=None, status=None)) after connection broken by 'ProtocolError('Connection aborted.', RemoteDisconnected('Remote end closed connection without response'))': /api/v1/addRelationship</msg>
<msg timestamp="20220724 06:02:57.808" level="WARN">Retrying (RetryAdapter(total=0, connect=None, read=None, redirect=None, status=None)) after connection broken by 'ProtocolError('Connection aborted.', RemoteDisconnected('Remote end closed connection without response'))': /api/v1/addRelationship</msg>
<msg timestamp="20220724 06:02:57.811" level="FAIL">ConnectionError: HTTPConnectionPool(host='localhost', port=8080): Max retries exceeded with url: /api/v1/addRelationship (Caused by ProtocolError('Connection aborted.', ConnectionResetError(104, 'Connection reset by peer')))</msg>
<status status="FAIL" starttime="20220724 06:02:57.203" endtime="20220724 06:02:57.811"/>
</kw>
<kw name="Should Be Equal As Strings" library="BuiltIn">
<arg>${resp.status_code}</arg>
<arg>404</arg>
<doc>Fails if objects are unequal after converting them to strings.</doc>
<status status="NOT RUN" starttime="20220724 06:02:57.812" endtime="20220724 06:02:57.812"/>
</kw>
<timeout value="30 seconds"/>
<status status="FAIL" starttime="20220724 06:02:57.200" endtime="20220724 06:02:57.812">ConnectionError: HTTPConnectionPool(host='localhost', port=8080): Max retries exceeded with url: /api/v1/addRelationship (Caused by ProtocolError('Connection aborted.', ConnectionResetError(104, 'Connection reset by peer')))</status>
</test>
<test id="s1-t23" name="TestAddRelationBothNoExist404" line="161">
<kw name="Create Session" library="RequestsLibrary">
<arg>localhost</arg>
<arg>http://localhost:8080</arg>
<doc>Create Session: create a HTTP session to a server</doc>
<msg timestamp="20220724 06:02:57.814" level="INFO">Creating Session using : alias=localhost, url=http://localhost:8080, headers={},                     cookies={}, auth=None, timeout=None, proxies=None, verify=False,                     debug=0 </msg>
<status status="PASS" starttime="20220724 06:02:57.814" endtime="20220724 06:02:57.815"/>
</kw>
<kw name="Create Dictionary" library="BuiltIn">
<var>${headers}</var>
<arg>Content-Type=application/json</arg>
<doc>Creates and returns a dictionary based on the given ``items``.</doc>
<msg timestamp="20220724 06:02:57.815" level="INFO">${headers} = {'Content-Type': 'application/json'}</msg>
<status status="PASS" starttime="20220724 06:02:57.815" endtime="20220724 06:02:57.815"/>
</kw>
<kw name="Create Dictionary" library="BuiltIn">
<var>${params}</var>
<arg>actorId=notexist</arg>
<arg>movieId=notexist</arg>
<doc>Creates and returns a dictionary based on the given ``items``.</doc>
<msg timestamp="20220724 06:02:57.816" level="INFO">${params} = {'actorId': 'notexist', 'movieId': 'notexist'}</msg>
<status status="PASS" starttime="20220724 06:02:57.815" endtime="20220724 06:02:57.816"/>
</kw>
<kw name="PUT On Session" library="RequestsLibrary">
<var>${resp}</var>
<arg>localhost</arg>
<arg>/api/v1/addRelationship</arg>
<arg>json=${params}</arg>
<arg>headers=${headers}</arg>
<arg>expected_status=404</arg>
<doc>Sends a PUT request on a previously created HTTP Session.</doc>
[...]
<msg timestamp="20220724 06:02:58.434" level="WARN">Retrying (RetryAdapter(total=2, connect=None, read=None, redirect=None, status=None)) after connection broken by 'ProtocolError('Connection aborted.', RemoteDisconnected('Remote end closed connection without response'))': /api/v1/getActor</msg>
<msg timestamp="20220724 06:02:58.636" level="WARN">Retrying (RetryAdapter(total=1, connect=None, read=None, redirect=None, status=None)) after connection broken by 'ProtocolError('Connection aborted.', RemoteDisconnected('Remote end closed connection without response'))': /api/v1/getActor</msg>
<msg timestamp="20220724 06:02:59.037" level="WARN">Retrying (RetryAdapter(total=0, connect=None, read=None, redirect=None, status=None)) after connection broken by 'ProtocolError('Connection aborted.', RemoteDisconnected('Remote end closed connection without response'))': /api/v1/getActor</msg>
<msg timestamp="20220724 06:02:59.050" level="WARN">Retrying (RetryAdapter(total=2, connect=None, read=None, redirect=None, status=None)) after connection broken by 'ProtocolError('Connection aborted.', RemoteDisconnected('Remote end closed connection without response'))': /api/v1/getActor</msg>
<msg timestamp="20220724 06:02:59.252" level="WARN">Retrying (RetryAdapter(total=1, connect=None, read=None, redirect=None, status=None)) after connection broken by 'ProtocolError('Connection aborted.', RemoteDisconnected('Remote end closed connection without response'))': /api/v1/getActor</msg>
<msg timestamp="20220724 06:02:59.653" level="WARN">Retrying (RetryAdapter(total=0, connect=None, read=None, redirect=None, status=None)) after connection broken by 'ProtocolError('Connection aborted.', ConnectionResetError(104, 'Connection reset by peer'))': /api/v1/getActor</msg>
<msg timestamp="20220724 06:02:59.666" level="WARN">Retrying (RetryAdapter(total=2, connect=None, read=None, redirect=None, status=None)) after connection broken by 'ProtocolError('Connection aborted.', RemoteDisconnected('Remote end closed connection without response'))': /api/v1/getActor</msg>
<msg timestamp="20220724 06:02:59.868" level="WARN">Retrying (RetryAdapter(total=1, connect=None, read=None, redirect=None, status=None)) after connection broken by 'ProtocolError('Connection aborted.', RemoteDisconnected('Remote end closed connection without response'))': /api/v1/getActor</msg>
<msg timestamp="20220724 06:03:00.269" level="WARN">Retrying (RetryAdapter(total=0, connect=None, read=None, redirect=None, status=None)) after connection broken by 'ProtocolError('Connection aborted.', ConnectionResetError(104, 'Connection reset by peer'))': /api/v1/getActor</msg>
<msg timestamp="20220724 06:03:00.281" level="WARN">Retrying (RetryAdapter(total=2, connect=None, read=None, redirect=None, status=None)) after connection broken by 'ProtocolError('Connection aborted.', RemoteDisconnected('Remote end closed connection without response'))': /api/v1/getActor</msg>
<msg timestamp="20220724 06:03:00.482" level="WARN">Retrying (RetryAdapter(total=1, connect=None, read=None, redirect=None, status=None)) after connection broken by 'ProtocolError('Connection aborted.', RemoteDisconnected('Remote end closed connection without response'))': /api/v1/getActor</msg>
<msg timestamp="20220724 06:03:00.884" level="WARN">Retrying (RetryAdapter(total=0, connect=None, read=None, redirect=None, status=None)) after connection broken by 'ProtocolError('Connection aborted.', RemoteDisconnected('Remote end closed connection without response'))': /api/v1/getActor</msg>
<msg timestamp="20220724 06:03:00.894" level="WARN">Retrying (RetryAdapter(total=2, connect=None, read=None, redirect=None, status=None)) after connection broken by 'ProtocolError('Connection aborted.', RemoteDisconnected('Remote end closed connection without response'))': /api/v1/getActor</msg>
<msg timestamp="20220724 06:03:01.095" level="WARN">Retrying (RetryAdapter(total=1, connect=None, read=None, redirect=None, status=None)) after connection broken by 'ProtocolError('Connection aborted.', RemoteDisconnected('Remote end closed connection without response'))': /api/v1/getActor</msg>
<msg timestamp="20220724 06:03:01.497" level="WARN">Retrying (RetryAdapter(total=0, connect=None, read=None, redirect=None, status=None)) after connection broken by 'ProtocolError('Connection aborted.', RemoteDisconnected('Remote end closed connection without response'))': /api/v1/getActor</msg>
<msg timestamp="20220724 06:03:01.509" level="WARN">Retrying (RetryAdapter(total=2, connect=None, read=None, redirect=None, status=None)) after connection broken by 'ProtocolError('Connection aborted.', RemoteDisconnected('Remote end closed connection without response'))': /api/v1/hasRelationship</msg>
<msg timestamp="20220724 06:03:01.710" level="WARN">Retrying (RetryAdapter(total=1, connect=None, read=None, redirect=None, status=None)) after connection broken by 'ProtocolError('Connection aborted.', RemoteDisconnected('Remote end closed connection without response'))': /api/v1/hasRelationship</msg>
<msg timestamp="20220724 06:03:02.112" level="WARN">Retrying (RetryAdapter(total=0, connect=None, read=None, redirect=None, status=None)) after connection broken by 'ProtocolError('Connection aborted.', RemoteDisconnected('Remote end closed connection without response'))': /api/v1/hasRelationship</msg>
<msg timestamp="20220724 06:03:02.124" level="WARN">Retrying (RetryAdapter(total=2, connect=None, read=None, redirect=None, status=None)) after connection broken by 'ProtocolError('Connection aborted.', RemoteDisconnected('Remote end closed connection without response'))': /api/v1/hasRelationship</msg>
<msg timestamp="20220724 06:03:02.325" level="WARN">Retrying (RetryAdapter(total=1, connect=None, read=None, redirect=None, status=None)) after connection broken by 'ProtocolError('Connection aborted.', RemoteDisconnected('Remote end closed connection without response'))': /api/v1/hasRelationship</msg>
<msg timestamp="20220724 06:03:02.727" level="WARN">Retrying (RetryAdapter(total=0, connect=None, read=None, redirect=None, status=None)) after connection broken by 'ProtocolError('Connection aborted.', RemoteDisconnected('Remote end closed connection without response'))': /api/v1/hasRelationship</msg>
<msg timestamp="20220724 06:03:02.738" level="WARN">Retrying (RetryAdapter(total=2, connect=None, read=None, redirect=None, status=None)) after connection broken by 'ProtocolError('Connection aborted.', RemoteDisconnected('Remote end closed connection without response'))': /api/v1/hasRelationship</msg>
<msg timestamp="20220724 06:03:02.940" level="WARN">Retrying (RetryAdapter(total=1, connect=None, read=None, redirect=None, status=None)) after connection broken by 'ProtocolError('Connection aborted.', RemoteDisconnected('Remote end closed connection without response'))': /api/v1/hasRelationship</msg>
<msg timestamp="20220724 06:03:03.341" level="WARN">Retrying (RetryAdapter(total=0, connect=None, read=None, redirect=None, status=None)) after connection broken by 'ProtocolError('Connection aborted.', ConnectionResetError(104, 'Connection reset by peer'))': /api/v1/hasRelationship</msg>
<msg timestamp="20220724 06:03:03.353" level="WARN">Retrying (RetryAdapter(total=2, connect=None, read=None, redirect=None, status=None)) after connection broken by 'ProtocolError('Connection aborted.', RemoteDisconnected('Remote end closed connection without response'))': /api/v1/hasRelationship</msg>
<msg timestamp="20220724 06:03:03.554" level="WARN">Retrying (RetryAdapter(total=1, connect=None, read=None, redirect=None, status=None)) after connection broken by 'ProtocolError('Connection aborted.', RemoteDisconnected('Remote end closed connection without response'))': /api/v1/hasRelationship</msg>
<msg timestamp="20220724 06:03:03.956" level="WARN">Retrying (RetryAdapter(total=0, connect=None, read=None, redirect=None, status=None)) after connection broken by 'ProtocolError('Connection aborted.', RemoteDisconnected('Remote end closed connection without response'))': /api/v1/hasRelationship</msg>
<msg timestamp="20220724 06:03:03.967" level="WARN">Retrying (RetryAdapter(total=2, connect=None, read=None, redirect=None, status=None)) after connection broken by 'ProtocolError('Connection aborted.', RemoteDisconnected('Remote end closed connection without response'))': /api/v1/hasRelationship</msg>
<msg timestamp="20220724 06:03:04.168" level="WARN">Retrying (RetryAdapter(total=1, connect=None, read=None, redirect=None, status=None)) after connection broken by 'ProtocolError('Connection aborted.', RemoteDisconnected('Remote end closed connection without response'))': /api/v1/hasRelationship</msg>
<msg timestamp="20220724 06:03:04.570" level="WARN">Retrying (RetryAdapter(total=0, connect=None, read=None, redirect=None, status=None)) after connection broken by 'ProtocolError('Connection aborted.', ConnectionResetError(104, 'Connection reset by peer'))': /api/v1/hasRelationship</msg>
<msg timestamp="20220724 06:03:04.582" level="WARN">Retrying (RetryAdapter(total=2, connect=None, read=None, redirect=None, status=None)) after connection broken by 'ProtocolError('Connection aborted.', RemoteDisconnected('Remote end closed connection without response'))': /api/v1/computeBaconNumber</msg>
<msg timestamp="20220724 06:03:04.783" level="WARN">Retrying (RetryAdapter(total=1, connect=None, read=None, redirect=None, status=None)) after connection broken by 'ProtocolError('Connection aborted.', RemoteDisconnected('Remote end closed connection without response'))': /api/v1/computeBaconNumber</msg>
<msg timestamp="20220724 06:03:05.185" level="WARN">Retrying (RetryAdapter(total=0, connect=None, read=None, redirect=None, status=None)) after connection broken by 'ProtocolError('Connection aborted.', RemoteDisconnected('Remote end closed connection without response'))': /api/v1/computeBaconNumber</msg>
<msg timestamp="20220724 06:03:05.197" level="WARN">Retrying (RetryAdapter(total=2, connect=None, read=None, redirect=None, status=None)) after connection broken by 'ProtocolError('Connection aborted.', RemoteDisconnected('Remote end closed connection without response'))': /api/v1/computeBaconNumber</msg>
<msg timestamp="20220724 06:03:05.398" level="WARN">Retrying (RetryAdapter(total=1, connect=None, read=None, redirect=None, status=None)) after connection broken by 'ProtocolError('Connection aborted.', RemoteDisconnected('Remote end closed connection without response'))': /api/v1/computeBaconNumber</msg>
<msg timestamp="20220724 06:03:05.800" level="WARN">Retrying (RetryAdapter(total=0, connect=None, read=None, redirect=None, status=None)) after connection broken by 'ProtocolError('Connection aborted.', RemoteDisconnected('Remote end closed connection without response'))': /api/v1/computeBaconNumber</msg>
<msg timestamp="20220724 06:03:05.812" level="WARN">Retrying (RetryAdapter(total=2, connect=None, read=None, redirect=None, status=None)) after connection broken by 'ProtocolError('Connection aborted.', RemoteDisconnected('Remote end closed connection without response'))': /api/v1/computeBaconNumber</msg>
<msg timestamp="20220724 06:03:06.013" level="WARN">Retrying (RetryAdapter(total=1, connect=None, read=None, redirect=None, status=None)) after connection broken by 'ProtocolError('Connection aborted.', RemoteDisconnected('Remote end closed connection without response'))': /api/v1/computeBaconNumber</msg>
<msg timestamp="20220724 06:03:06.415" level="WARN">Retrying (RetryAdapter(total=0, connect=None, read=None, redirect=None, status=None)) after connection broken by 'ProtocolError('Connection aborted.', ConnectionResetError(104, 'Connection reset by peer'))': /api/v1/computeBaconNumber</msg>
<msg timestamp="20220724 06:03:06.426" level="WARN">Retrying (RetryAdapter(total=2, connect=None, read=None, redirect=None, status=None)) after connection broken by 'ProtocolError('Connection aborted.', RemoteDisconnected('Remote end closed connection without response'))': /api/v1/computeBaconNumber</msg>
<msg timestamp="20220724 06:03:06.627" level="WARN">Retrying (RetryAdapter(total=1, connect=None, read=None, redirect=None, status=None)) after connection broken by 'ProtocolError('Connection aborted.', RemoteDisconnected('Remote end closed connection without response'))': /api/v1/computeBaconNumber</msg>
<msg timestamp="20220724 06:03:07.029" level="WARN">Retrying (RetryAdapter(total=0, connect=None, read=None, redirect=None, status=None)) after connection broken by 'ProtocolError('Connection aborted.', RemoteDisconnected('Remote end closed connection without response'))': /api/v1/computeBaconNumber</msg>
<msg timestamp="20220724 06:03:07.041" level="WARN">Retrying (RetryAdapter(total=2, connect=None, read=None, redirect=None, status=None)) after connection broken by 'ProtocolError('Connection aborted.', RemoteDisconnected('Remote end closed connection without response'))': /api/v1/computeBaconNumber</msg>
<msg timestamp="20220724 06:03:07.242" level="WARN">Retrying (RetryAdapter(total=1, connect=None, read=None, redirect=None, status=None)) after connection broken by 'ProtocolError('Connection aborted.', RemoteDisconnected('Remote end closed connection without response'))': /api/v1/computeBaconNumber</msg>
<msg timestamp="20220724 06:03:07.644" level="WARN">Retrying (RetryAdapter(total=0, connect=None, read=None, redirect=None, status=None)) after connection broken by 'ProtocolError('Connection aborted.', RemoteDisconnected('Remote end closed connection without response'))': /api/v1/computeBaconNumber</msg>
<msg timestamp="20220724 06:03:07.654" level="WARN">Retrying (RetryAdapter(total=2, connect=None, read=None, redirect=None, status=None)) after connection broken by 'ProtocolError('Connection aborted.', RemoteDisconnected('Remote end closed connection without response'))': /api/v1/computeBaconNumber</msg>
<msg timestamp="20220724 06:03:07.855" level="WARN">Retrying (RetryAdapter(total=1, connect=None, read=None, redirect=None, status=None)) after connection broken by 'ProtocolError('Connection aborted.', RemoteDisconnected('Remote end closed connection without response'))': /api/v1/computeBaconNumber</msg>
<msg timestamp="20220724 06:03:08.257" level="WARN">Retrying (RetryAdapter(total=0, connect=None, read=None, redirect=None, status=None)) after connection broken by 'ProtocolError('Connection aborted.', ConnectionResetError(104, 'Connection reset by peer'))': /api/v1/computeBaconNumber</msg>
<msg timestamp="20220724 06:03:08.280" level="WARN">Retrying (RetryAdapter(total=2, connect=None, read=None, redirect=None, status=None)) after connection broken by 'ProtocolError('Connection aborted.', RemoteDisconnected('Remote end closed connection without response'))': /api/v1/computeBaconPath</msg>
<msg timestamp="20220724 06:03:08.482" level="WARN">Retrying (RetryAdapter(total=1, connect=None, read=None, redirect=None, status=None)) after connection broken by 'ProtocolError('Connection aborted.', RemoteDisconnected('Remote end closed connection without response'))': /api/v1/computeBaconPath</msg>
<msg timestamp="20220724 06:03:08.883" level="WARN">Retrying (RetryAdapter(total=0, connect=None, read=None, redirect=None, status=None)) after connection broken by 'ProtocolError('Connection aborted.', RemoteDisconnected('Remote end closed connection without response'))': /api/v1/computeBaconPath</msg>
<msg timestamp="20220724 06:03:08.896" level="WARN">Retrying (RetryAdapter(total=2, connect=None, read=None, redirect=None, status=None)) after connection broken by 'ProtocolError('Connection aborted.', RemoteDisconnected('Remote end closed connection without response'))': /api/v1/computeBaconPath</msg>
<msg timestamp="20220724 06:03:09.098" level="WARN">Retrying (RetryAdapter(total=1, connect=None, read=None, redirect=None, status=None)) after connection broken by 'ProtocolError('Connection aborted.', RemoteDisconnected('Remote end closed connection without response'))': /api/v1/computeBaconPath</msg>
<msg timestamp="20220724 06:03:09.499" level="WARN">Retrying (RetryAdapter(total=0, connect=None, read=None, redirect=None, status=None)) after connection broken by 'ProtocolError('Connection aborted.', RemoteDisconnected('Remote end closed connection without response'))': /api/v1/computeBaconPath</msg>
<msg timestamp="20220724 06:03:09.512" level="WARN">Retrying (RetryAdapter(total=2, connect=None, read=None, redirect=None, status=None)) after connection broken by 'ProtocolError('Connection aborted.', RemoteDisconnected('Remote end closed connection without response'))': /api/v1/computeBaconPath</msg>
<msg timestamp="20220724 06:03:09.713" level="WARN">Retrying (RetryAdapter(total=1, connect=None, read=None, redirect=None, status=None)) after connection broken by 'ProtocolError('Connection aborted.', RemoteDisconnected('Remote end closed connection without response'))': /api/v1/computeBaconPath</msg>
<msg timestamp="20220724 06:03:10.115" level="WARN">Retrying (RetryAdapter(total=0, connect=None, read=None, redirect=None, status=None)) after connection broken by 'ProtocolError('Connection aborted.', RemoteDisconnected('Remote end closed connection without response'))': /api/v1/computeBaconPath</msg>
<msg timestamp="20220724 06:03:10.126" level="WARN">Retrying (RetryAdapter(total=2, connect=None, read=None, redirect=None, status=None)) after connection broken by 'ProtocolError('Connection aborted.', RemoteDisconnected('Remote end closed connection without response'))': /api/v1/computeBaconPath</msg>
<msg timestamp="20220724 06:03:10.328" level="WARN">Retrying (RetryAdapter(total=1, connect=None, read=None, redirect=None, status=None)) after connection broken by 'ProtocolError('Connection aborted.', RemoteDisconnected('Remote end closed connection without response'))': /api/v1/computeBaconPath</msg>
<msg timestamp="20220724 06:03:10.729" level="WARN">Retrying (RetryAdapter(total=0, connect=None, read=None, redirect=None, status=None)) after connection broken by 'ProtocolError('Connection aborted.', RemoteDisconnected('Remote end closed connection without response'))': /api/v1/computeBaconPath</msg>
<msg timestamp="20220724 06:03:10.740" level="WARN">Retrying (RetryAdapter(total=2, connect=None, read=None, redirect=None, status=None)) after connection broken by 'ProtocolError('Connection aborted.', RemoteDisconnected('Remote end closed connection without response'))': /api/v1/computeBaconPath</msg>
<msg timestamp="20220724 06:03:10.941" level="WARN">Retrying (RetryAdapter(total=1, connect=None, read=None, redirect=None, status=None)) after connection broken by 'ProtocolError('Connection aborted.', RemoteDisconnected('Remote end closed connection without response'))': /api/v1/computeBaconPath</msg>
<msg timestamp="20220724 06:03:11.343" level="WARN">Retrying (RetryAdapter(total=0, connect=None, read=None, redirect=None, status=None)) after connection broken by 'ProtocolError('Connection aborted.', ConnectionResetError(104, 'Connection reset by peer'))': /api/v1/computeBaconPath</msg>
<msg timestamp="20220724 06:03:11.353" level="WARN">Retrying (RetryAdapter(total=2, connect=None, read=None, redirect=None, status=None)) after connection broken by 'ProtocolError('Connection aborted.', RemoteDisconnected('Remote end closed connection without response'))': /api/v1/computeBaconPath</msg>
<msg timestamp="20220724 06:03:11.554" level="WARN">Retrying (RetryAdapter(total=1, connect=None, read=None, redirect=None, status=None)) after connection broken by 'ProtocolError('Connection aborted.', RemoteDisconnected('Remote end closed connection without response'))': /api/v1/computeBaconPath</msg>
<msg timestamp="20220724 06:03:11.956" level="WARN">Retrying (RetryAdapter(total=0, connect=None, read=None, redirect=None, status=None)) after connection broken by 'ProtocolError('Connection aborted.', RemoteDisconnected('Remote end closed connection without response'))': /api/v1/computeBaconPath</msg>
</errors>
</robot>
